2026-06-13 16:48:01.422504000 [INFO ] [ctrl   ] log conf: level: warn,ctrl=info,data=error,matrc=error,dfx=warn,kdb=warn
output: File
path: Some("./data/logs/")
 
2026-06-13 16:48:01.423930000 [WARN ] [wp_core_connectors::registry] duplicate sink factory registration ignored: kind='blackhole' existing=/Users/zuowenjian/devspace/rust/wparse/wp-motor/src/sinks/builtin_factories.rs:9 new=/Users/zuowenjian/devspace/rust/wparse/wp-motor/src/sinks/builtin_factories.rs:9
2026-06-13 16:48:01.423979000 [WARN ] [wp_core_connectors::registry] duplicate sink factory registration ignored: kind='file' existing=/Users/zuowenjian/devspace/rust/wparse/wp-motor/src/sinks/builtin_factories.rs:10 new=/Users/zuowenjian/devspace/rust/wparse/wp-motor/src/sinks/builtin_factories.rs:10
2026-06-13 16:48:01.424174000 [WARN ] [wp_core_connectors::registry] duplicate sink factory registration ignored: kind='syslog' existing=/Users/zuowenjian/devspace/rust/wparse/wp-motor/src/sinks/builtin_factories.rs:11 new=/Users/zuowenjian/devspace/rust/wparse/wp-motor/src/sinks/builtin_factories.rs:11
2026-06-13 16:48:01.424212000 [WARN ] [wp_core_connectors::registry] duplicate sink factory registration ignored: kind='tcp' existing=/Users/zuowenjian/devspace/rust/wparse/wp-motor/src/sinks/builtin_factories.rs:12 new=/Users/zuowenjian/devspace/rust/wparse/wp-motor/src/sinks/builtin_factories.rs:12
2026-06-13 16:48:01.424229000 [WARN ] [wp_core_connectors::registry] duplicate sink factory registration ignored: kind='test_rescue' existing=/Users/zuowenjian/devspace/rust/wparse/wp-motor/src/sinks/builtin_factories.rs:13 new=/Users/zuowenjian/devspace/rust/wparse/wp-motor/src/sinks/builtin_factories.rs:13
2026-06-13 16:48:01.424247000 [WARN ] [wp_core_connectors::registry] duplicate source factory registration ignored: kind='syslog' existing=/Users/zuowenjian/.cargo/registry/src/index.crates.io-1949cf8c6b5b557f/wp-core-connectors-0.5.0/src/sources/syslog/mod.rs:48 new=/Users/zuowenjian/.cargo/registry/src/index.crates.io-1949cf8c6b5b557f/wp-core-connectors-0.5.0/src/sources/syslog/mod.rs:48
2026-06-13 16:48:01.424277000 [WARN ] [wp_core_connectors::registry] duplicate source factory registration ignored: kind='file' existing=/Users/zuowenjian/.cargo/registry/src/index.crates.io-1949cf8c6b5b557f/wp-core-connectors-0.5.0/src/sources/file/factory.rs:230 new=/Users/zuowenjian/.cargo/registry/src/index.crates.io-1949cf8c6b5b557f/wp-core-connectors-0.5.0/src/sources/file/factory.rs:230
2026-06-13 16:48:01.424945000 [INFO ] [ctrl   ] version 0.25.0 (branch alpha, commit 59ceed3e, built 2026-06-13T15:48:34.416602+08:00 via rustc 1.95.0 (59807616e 2026-04-14))
2026-06-13 16:48:01.424989000 [INFO ] [ctrl   ] enterprise control plane disabled (feature 'enterprise-backend' not enabled)
2026-06-13 16:48:01.427417000 [INFO ] [ctrl   ] build engine with run_mode=Batch, parallel=2, line_max=Some(5000)
2026-06-13 16:48:01.430181000 [INFO ] [ctrl   ] semantic dict: 语义词典配置有效: /Users/zuowenjian/devspace/rust/user-wp/wp-examples/wp-pipeline/demo/wparse/models/knowledge/semantic_dict.toml | 模式: ADD（扩展内置词典） | 词汇数: 0
2026-06-13 16:48:01.431858000 [WARN ] [conf   ] vars not value : SEC_PWD
2026-06-13 16:48:01.439132000 [INFO ] [ctrl   ] suc! doing=load table to kdb: 
call context:
	table_dir : /Users/zuowenjian/devspace/rust/user-wp/wp-examples/wp-pipeline/demo/wparse/models/knowledge/./example
	data_path : /Users/zuowenjian/devspace/rust/user-wp/wp-examples/wp-pipeline/demo/wparse/models/knowledge/./example/data.csv

2026-06-13 16:48:01.439177000 [INFO ] [ctrl   ] load table /Users/zuowenjian/devspace/rust/user-wp/wp-examples/wp-pipeline/demo/wparse/models/knowledge/. suc!
2026-06-13 16:48:01.439822000 [WARN ] [conf   ] vars not value : SEC_PWD
2026-06-13 16:48:01.439965000 [WARN ] [conf   ] vars not value : SEC_PWD
2026-06-13 16:48:01.441088000 [INFO ] [ctrl   ] suc! doing=load table to kdb: 
call context:
	table_dir : /Users/zuowenjian/devspace/rust/user-wp/wp-examples/wp-pipeline/demo/wparse/models/knowledge/./example
	data_path : /Users/zuowenjian/devspace/rust/user-wp/wp-examples/wp-pipeline/demo/wparse/models/knowledge/./example/data.csv

2026-06-13 16:48:01.441112000 [INFO ] [ctrl   ] load table /Users/zuowenjian/devspace/rust/user-wp/wp-examples/wp-pipeline/demo/wparse/models/knowledge/. suc!
2026-06-13 16:48:01.441179000 [INFO ] [ctrl   ] init authority knowdb success(/Users/zuowenjian/devspace/rust/user-wp/wp-examples/wp-pipeline/demo/wparse/models/knowledge/knowdb.toml) 
2026-06-13 16:48:01.447745000 [WARN ] [ctrl   ] doing=validate sink conf: 
call context:
	name : default/[0]
	kind : file
: validate suc!
2026-06-13 16:48:01.447816000 [INFO ] [ctrl   ] suc! doing=validate sink conf: 
call context:
	name : default/[0]
	kind : file

2026-06-13 16:48:01.447845000 [WARN ] [ctrl   ] doing=validate sink conf: 
call context:
	name : error/[0]
	kind : file
: validate suc!
2026-06-13 16:48:01.447859000 [INFO ] [ctrl   ] suc! doing=validate sink conf: 
call context:
	name : error/[0]
	kind : file

2026-06-13 16:48:01.447879000 [WARN ] [ctrl   ] doing=validate sink conf: 
call context:
	name : miss/[0]
	kind : file
: validate suc!
2026-06-13 16:48:01.447891000 [INFO ] [ctrl   ] suc! doing=validate sink conf: 
call context:
	name : miss/[0]
	kind : file

2026-06-13 16:48:01.447911000 [WARN ] [ctrl   ] doing=validate sink conf: 
call context:
	name : monitor/[0]
	kind : file
: validate suc!
2026-06-13 16:48:01.447922000 [INFO ] [ctrl   ] suc! doing=validate sink conf: 
call context:
	name : monitor/[0]
	kind : file

2026-06-13 16:48:01.447938000 [WARN ] [ctrl   ] doing=validate sink conf: 
call context:
	name : residue/[0]
	kind : file
: validate suc!
2026-06-13 16:48:01.447948000 [INFO ] [ctrl   ] suc! doing=validate sink conf: 
call context:
	name : residue/[0]
	kind : file

2026-06-13 16:48:01.449581000 [INFO ] [ctrl   ] create sink:default/[0] batch_size=128
2026-06-13 16:48:01.450526000 [INFO ] [ctrl   ] create sink:residue/[0] batch_size=1
2026-06-13 16:48:01.450687000 [INFO ] [ctrl   ] create sink:miss/[0] batch_size=1
2026-06-13 16:48:01.450825000 [INFO ] [ctrl   ] create sink:error/[0] batch_size=1
2026-06-13 16:48:01.450932000 [INFO ] [ctrl   ] create sink:monitor/[0] batch_size=1
2026-06-13 16:48:01.453796000 [INFO ] [ctrl   ] load all wpl code beg...
2026-06-13 16:48:01.454218000 [INFO ] [ctrl   ] find conf files in: /Users/zuowenjian/devspace/rust/user-wp/wp-examples/wp-pipeline/demo/wparse/models/wpl
2026-06-13 16:48:01.454600000 [INFO ] [ctrl   ] load conf file: "/Users/zuowenjian/devspace/rust/user-wp/wp-examples/wp-pipeline/demo/wparse/models/wpl/parse.wpl"
2026-06-13 16:48:01.456479000 [INFO ] [ctrl   ] success load & parse code : "/Users/zuowenjian/devspace/rust/user-wp/wp-examples/wp-pipeline/demo/wparse/models/wpl/parse.wpl"
2026-06-13 16:48:01.456537000 [INFO ] [ctrl   ] load all wpl code end
2026-06-13 16:48:01.456559000 [INFO ] [ctrl   ] load all oml model
2026-06-13 16:48:01.456574000 [INFO ] [ctrl   ] find conf files in: /Users/zuowenjian/devspace/rust/user-wp/wp-examples/wp-pipeline/demo/wparse/models/oml
2026-06-13 16:48:01.456913000 [INFO ] [ctrl   ] load conf file: "/Users/zuowenjian/devspace/rust/user-wp/wp-examples/wp-pipeline/demo/wparse/models/oml/example.oml"
2026-06-13 16:48:01.460521000 [WARN ] [ctrl   ] doing=validate sink conf: 
call context:
	name : parsed_nginx_out/parsed_output
	kind : file
: validate suc!
2026-06-13 16:48:01.460542000 [INFO ] [ctrl   ] suc! doing=validate sink conf: 
call context:
	name : parsed_nginx_out/parsed_output
	kind : file

2026-06-13 16:48:01.460640000 [INFO ] [ctrl   ] update_sink_mdl_index, match oml nginx
2026-06-13 16:48:01.460687000 [INFO ] [ctrl   ] init SinkGroup: parsed_nginx_out
2026-06-13 16:48:01.460701000 [INFO ] [ctrl   ] alloc sink res : sink parsed_nginx_out 
2026-06-13 16:48:01.460713000 [INFO ] [ctrl   ] alloc sink res : sink parsed_nginx_out oml model: nginx
2026-06-13 16:48:01.460996000 [INFO ] [ctrl   ] create sink:parsed_nginx_out/parsed_output batch_size=1024
2026-06-13 16:48:01.461221000 [INFO ] [ctrl   ] alloc parse res : wpl rule /nginx//example  
2026-06-13 16:48:01.461244000 [INFO ] [ctrl   ] alloc parse res : rule /nginx//example  sink agent: parsed_nginx_out
2026-06-13 16:48:01.461422000 [INFO ] [ctrl   ] save data file suc : /Users/zuowenjian/devspace/rust/user-wp/wp-examples/wp-pipeline/demo/wparse/.run/rule_mapping.dat 
2026-06-13 16:48:01.461703000 [INFO ] [ctrl   ] start warp-service: run_mode=batch, parallel=2, line_max=Some(5000), reload_timeout_ms=10000
2026-06-13 16:48:01.461737000 [INFO ] [ctrl   ] semantic analysis: disabled
2026-06-13 16:48:01.462252000 [INFO ] [ctrl   ] 数据源配置统计: V2源=1个, 接受器(来自V2)=0个
2026-06-13 16:48:01.462300000 [INFO ] [ctrl   ] run-mode=batch: 跳过启动接受器任务
2026-06-13 16:48:01.462318000 [INFO ] [ctrl   ] monitor proc start: stat_sec=60, stat_print=true
2026-06-13 16:48:01.462449000 [INFO ] [ctrl   ] start 2 parallel to parse (frames)
2026-06-13 16:48:01.462491000 [INFO ] [ctrl   ] speed: unlimited (no wait)
2026-06-13 16:48:01.462509000 [INFO ] [ctrl   ] monitor loop started (stat_sec=60, stat_print=true)
2026-06-13 16:48:01.462569000 [INFO ] [ctrl   ] actor(wparse-parse) work start
2026-06-13 16:48:01.462657000 [INFO ] [ctrl   ] actor(wparse-parse) work start
2026-06-13 16:48:01.462757000 [INFO ] [ctrl   ] speed: unlimited (no wait)
2026-06-13 16:48:01.462771000 [WARN ] [ctrl   ] parse engine pipelin cnt: 1
2026-06-13 16:48:01.462784000 [INFO ] [ctrl   ] speed: unlimited (no wait)
2026-06-13 16:48:01.462857000 [INFO ] [ctrl   ] speed: unlimited (no wait)
2026-06-13 16:48:01.462938000 [INFO ] [ctrl   ] speed: unlimited (no wait)
2026-06-13 16:48:01.462952000 [WARN ] [ctrl   ] parse engine pipelin cnt: 1
2026-06-13 16:48:01.462965000 [INFO ] [ctrl   ] spawn tokio Sink Group parsed_nginx_out batch_size=1024 batch_timeout_ms=300
2026-06-13 16:48:01.463032000 [INFO ] [ctrl   ] speed: unlimited (no wait)
2026-06-13 16:48:01.564564000 [INFO ] [ctrl   ] 启动数据收集(Frame)： 1个数据源
2026-06-13 16:48:01.564685000 [INFO ] [ctrl   ] spawning picker for source 'file_1' (line_max=Some(5000), speed_limit=10000)
2026-06-13 16:48:01.564752000 [WARN ] [ctrl   ] engine started!
2026-06-13 16:48:01.564775000 [INFO ] [ctrl   ] 启动数据源 picker(Frame): file_1
2026-06-13 16:48:01.564795000 [INFO ] [ctrl   ] Starting data source 'file_1'
2026-06-13 16:48:01.565670000 [INFO ] [ctrl   ] Data source 'file_1' started (speed_limit=Some(10000), max_count=Some(5000))
2026-06-13 16:48:01.565768000 [INFO ] [ctrl   ] file_1-picker speed init 10000  limit ns times:1000000000,
2026-06-13 16:48:01.565794000 [WARN ] [ctrl   ] actor:file_1-picker 10000
2026-06-13 16:48:01.575416000 [INFO ] [ctrl   ] task controller hit max_line=5000 with total_count=5000
2026-06-13 16:48:01.575465000 [INFO ] [ctrl   ] file_1-picker reached processing limit (total_cnt=5000, line_max=Some(5000), max_count=Some(5000))
2026-06-13 16:48:01.575500000 [INFO ] [ctrl   ] Closing data source 'file_1'
2026-06-13 16:48:01.575514000 [INFO ] [ctrl   ] file_1-picker dispatch loop exited (max_line=Some(5000), total_pending=0 total_pending_bytes=0)
2026-06-13 16:48:01.575539000 [INFO ] [ctrl   ] 数据源 'file_1' picker 正常结束
2026-06-13 16:48:01.575914000 [INFO ] [ctrl   ] exit-policy Batch: enter quiescing (trigger=RoleFinished(Picker))
2026-06-13 16:48:01.656580000 [INFO ] [ctrl   ] data channel closed; parser loop exits
2026-06-13 16:48:01.656619000 [INFO ] [ctrl   ] engine proc frames end: total 2440
2026-06-13 16:48:01.656650000 [INFO ] [ctrl   ] actor(wparse-parse) work end
2026-06-13 16:48:01.659456000 [INFO ] [ctrl   ] data channel closed; parser loop exits
2026-06-13 16:48:01.659498000 [INFO ] [ctrl   ] engine proc frames end: total 2560
2026-06-13 16:48:01.659533000 [INFO ] [ctrl   ] actor(wparse-parse) work end
2026-06-13 16:48:01.668685000 [INFO ] [ctrl   ] exit-policy Batch: enter stopping (trigger=RoleFinished(Parser))
2026-06-13 16:48:01.668716000 [INFO ] [ctrl   ] picker broadcast cmd :Isolate
2026-06-13 16:48:01.668745000 [INFO ] [ctrl   ] wpl-parse broadcast cmd :Isolate
2026-06-13 16:48:01.668762000 [INFO ] [ctrl   ] amt broadcast cmd :Isolate
2026-06-13 16:48:01.668800000 [INFO ] [ctrl   ] oml-sink broadcast cmd :Isolate
2026-06-13 16:48:01.668815000 [INFO ] [ctrl   ] infra broadcast cmd :Isolate
2026-06-13 16:48:01.668827000 [INFO ] [ctrl   ] maintainer Recv cmd : Isolate
2026-06-13 16:48:01.668851000 [INFO ] [ctrl   ] monitor broadcast cmd :Isolate
2026-06-13 16:48:01.668872000 [INFO ] [ctrl   ] infra sinks  update cmd: CtrlCmd::Alone 
2026-06-13 16:48:01.668886000 [INFO ] [ctrl   ] picker broadcast cmd :Stop(Immediate) 
2026-06-13 16:48:01.668905000 [INFO ] [ctrl   ] monitor recv cmd: CtrlCmd::Alone
2026-06-13 16:48:01.668978000 [INFO ] [ctrl   ] monitor update cmd: CtrlCmd::Alone 
2026-06-13 16:48:01.668997000 [INFO ] [ctrl   ] picker group routines end
2026-06-13 16:48:01.669023000 [INFO ] [ctrl   ] role group Picker(picker) await end!
2026-06-13 16:48:01.669039000 [INFO ] [ctrl   ] wpl-parse broadcast cmd :Stop(Immediate) 
2026-06-13 16:48:01.669058000 [INFO ] [ctrl   ] wpl-parse group routines end
2026-06-13 16:48:01.669070000 [INFO ] [ctrl   ] role group Parser(wpl-parse) await end!
2026-06-13 16:48:01.669081000 [INFO ] [ctrl   ] amt broadcast cmd :Stop(Immediate) 
2026-06-13 16:48:01.669092000 [INFO ] [ctrl   ] amt group routines [0] wait... 
2026-06-13 16:48:01.693001000 [INFO ] [ctrl   ] maintainer Recv cmd : Stop(Immediate)
2026-06-13 16:48:01.693043000 [INFO ] [ctrl   ] routine cmd stop 
2026-06-13 16:48:01.693081000 [INFO ] [ctrl   ] amt group routines end
2026-06-13 16:48:01.693105000 [INFO ] [ctrl   ] role group Maintainer(amt) await end!
2026-06-13 16:48:01.693120000 [INFO ] [ctrl   ] oml-sink broadcast cmd :Stop(Immediate) 
2026-06-13 16:48:01.693136000 [INFO ] [ctrl   ] oml-sink group routines [0] wait... 
2026-06-13 16:48:01.727085000 [INFO ] [ctrl   ] work-sink:parsed_nginx_out     update cmd: CtrlCmd::Alone 
2026-06-13 16:48:01.733814000 [INFO ] [ctrl   ] work-sink:parsed_nginx_out     update cmd: CtrlCmd::Stop(StopNow) 
2026-06-13 16:48:01.733873000 [INFO ] [ctrl   ] routine cmd stop 
2026-06-13 16:48:01.733887000 [INFO ] [ctrl   ] parsed_nginx_out enter draining state
2026-06-13 16:48:01.780386000 [INFO ] [ctrl   ] parsed_nginx_out drain complete
2026-06-13 16:48:01.802326000 [INFO ] [ctrl   ] parsed_nginx_out async sinks proc end
2026-06-13 16:48:01.802546000 [INFO ] [ctrl   ] oml-sink group routines end
2026-06-13 16:48:01.802577000 [INFO ] [ctrl   ] role group Sink(oml-sink) await end!
2026-06-13 16:48:01.802602000 [INFO ] [ctrl   ] infra broadcast cmd :Stop(Immediate) 
2026-06-13 16:48:01.802630000 [INFO ] [ctrl   ] infra group routines [0] wait... 
2026-06-13 16:48:01.802641000 [INFO ] [ctrl   ] infra sinks  update cmd: CtrlCmd::Stop(StopNow) 
2026-06-13 16:48:01.802660000 [INFO ] [ctrl   ] routine cmd stop 
2026-06-13 16:48:01.802672000 [INFO ] [ctrl   ] infra sinks enter draining state
2026-06-13 16:48:01.802694000 [INFO ] [ctrl   ] infra sinks drain complete
2026-06-13 16:48:01.807098000 [INFO ] [ctrl   ] infra:default async sinks proc end
2026-06-13 16:48:01.814134000 [INFO ] [ctrl   ] infra:miss async sinks proc end
2026-06-13 16:48:01.820138000 [INFO ] [ctrl   ] infra:residue async sinks proc end
2026-06-13 16:48:01.824057000 [INFO ] [ctrl   ] infra:monitor async sinks proc end
2026-06-13 16:48:01.828105000 [INFO ] [ctrl   ] infra:error async sinks proc end
2026-06-13 16:48:01.828219000 [INFO ] [ctrl   ] infra group routines end
2026-06-13 16:48:01.828237000 [INFO ] [ctrl   ] role group Infra(infra) await end!
2026-06-13 16:48:01.828252000 [INFO ] [ctrl   ] monitor broadcast cmd :Stop(Immediate) 
2026-06-13 16:48:01.828273000 [INFO ] [ctrl   ] monitor group routines [0] wait... 
2026-06-13 16:48:01.828286000 [INFO ] [ctrl   ] monitor recv cmd: CtrlCmd::Stop(StopNow)
2026-06-13 16:48:01.828301000 [INFO ] [ctrl   ] monitor update cmd: CtrlCmd::Stop(StopNow) 
2026-06-13 16:48:01.828312000 [INFO ] [ctrl   ] routine cmd stop 
2026-06-13 16:48:01.931430000 [INFO ] [ctrl   ] monitor proc end (total_events=24)
2026-06-13 16:48:01.932824000 [INFO ] [ctrl   ] monitor group routines end
2026-06-13 16:48:01.932864000 [INFO ] [ctrl   ] role group Monitor(monitor) await end!
2026-06-13 16:48:01.932888000 [INFO ] [ctrl   ] all role groups await end!
2026-06-13 16:54:05.608513000 [INFO ] [ctrl   ] log conf: level: warn,ctrl=info,data=error,matrc=error,dfx=warn,kdb=warn
output: File
path: Some("./data/logs/")
 
2026-06-13 16:54:05.608635000 [WARN ] [wp_core_connectors::registry] duplicate sink factory registration ignored: kind='blackhole' existing=/Users/zuowenjian/devspace/rust/wparse/wp-motor/src/sinks/builtin_factories.rs:9 new=/Users/zuowenjian/devspace/rust/wparse/wp-motor/src/sinks/builtin_factories.rs:9
2026-06-13 16:54:05.608656000 [WARN ] [wp_core_connectors::registry] duplicate sink factory registration ignored: kind='file' existing=/Users/zuowenjian/devspace/rust/wparse/wp-motor/src/sinks/builtin_factories.rs:10 new=/Users/zuowenjian/devspace/rust/wparse/wp-motor/src/sinks/builtin_factories.rs:10
2026-06-13 16:54:05.608675000 [WARN ] [wp_core_connectors::registry] duplicate sink factory registration ignored: kind='syslog' existing=/Users/zuowenjian/devspace/rust/wparse/wp-motor/src/sinks/builtin_factories.rs:11 new=/Users/zuowenjian/devspace/rust/wparse/wp-motor/src/sinks/builtin_factories.rs:11
2026-06-13 16:54:05.608692000 [WARN ] [wp_core_connectors::registry] duplicate sink factory registration ignored: kind='tcp' existing=/Users/zuowenjian/devspace/rust/wparse/wp-motor/src/sinks/builtin_factories.rs:12 new=/Users/zuowenjian/devspace/rust/wparse/wp-motor/src/sinks/builtin_factories.rs:12
2026-06-13 16:54:05.608707000 [WARN ] [wp_core_connectors::registry] duplicate sink factory registration ignored: kind='test_rescue' existing=/Users/zuowenjian/devspace/rust/wparse/wp-motor/src/sinks/builtin_factories.rs:13 new=/Users/zuowenjian/devspace/rust/wparse/wp-motor/src/sinks/builtin_factories.rs:13
2026-06-13 16:54:05.608722000 [WARN ] [wp_core_connectors::registry] duplicate source factory registration ignored: kind='syslog' existing=/Users/zuowenjian/.cargo/registry/src/index.crates.io-1949cf8c6b5b557f/wp-core-connectors-0.5.0/src/sources/syslog/mod.rs:48 new=/Users/zuowenjian/.cargo/registry/src/index.crates.io-1949cf8c6b5b557f/wp-core-connectors-0.5.0/src/sources/syslog/mod.rs:48
2026-06-13 16:54:05.608753000 [WARN ] [wp_core_connectors::registry] duplicate source factory registration ignored: kind='file' existing=/Users/zuowenjian/.cargo/registry/src/index.crates.io-1949cf8c6b5b557f/wp-core-connectors-0.5.0/src/sources/file/factory.rs:230 new=/Users/zuowenjian/.cargo/registry/src/index.crates.io-1949cf8c6b5b557f/wp-core-connectors-0.5.0/src/sources/file/factory.rs:230
2026-06-13 16:54:05.608804000 [INFO ] [ctrl   ] version 0.25.0 (branch alpha, commit 59ceed3e, built 2026-06-13T15:48:34.416602+08:00 via rustc 1.95.0 (59807616e 2026-04-14))
2026-06-13 16:54:05.608818000 [INFO ] [ctrl   ] enterprise control plane disabled (feature 'enterprise-backend' not enabled)
2026-06-13 16:54:05.609078000 [INFO ] [ctrl   ] build engine with run_mode=Batch, parallel=2, line_max=Some(5000)
2026-06-13 16:54:05.609248000 [INFO ] [ctrl   ] semantic dict: 语义词典配置有效: /Users/zuowenjian/devspace/rust/user-wp/wp-examples/wp-pipeline/demo/wparse/models/knowledge/semantic_dict.toml | 模式: ADD（扩展内置词典） | 词汇数: 0
2026-06-13 16:54:05.609614000 [WARN ] [conf   ] vars not value : SEC_PWD
2026-06-13 16:54:05.614136000 [INFO ] [ctrl   ] suc! doing=load table to kdb: 
call context:
	table_dir : /Users/zuowenjian/devspace/rust/user-wp/wp-examples/wp-pipeline/demo/wparse/models/knowledge/./example
	data_path : /Users/zuowenjian/devspace/rust/user-wp/wp-examples/wp-pipeline/demo/wparse/models/knowledge/./example/data.csv

2026-06-13 16:54:05.614180000 [INFO ] [ctrl   ] load table /Users/zuowenjian/devspace/rust/user-wp/wp-examples/wp-pipeline/demo/wparse/models/knowledge/. suc!
2026-06-13 16:54:05.614339000 [WARN ] [conf   ] vars not value : SEC_PWD
2026-06-13 16:54:05.614661000 [WARN ] [conf   ] vars not value : SEC_PWD
2026-06-13 16:54:05.616356000 [INFO ] [ctrl   ] suc! doing=load table to kdb: 
call context:
	table_dir : /Users/zuowenjian/devspace/rust/user-wp/wp-examples/wp-pipeline/demo/wparse/models/knowledge/./example
	data_path : /Users/zuowenjian/devspace/rust/user-wp/wp-examples/wp-pipeline/demo/wparse/models/knowledge/./example/data.csv

2026-06-13 16:54:05.616396000 [INFO ] [ctrl   ] load table /Users/zuowenjian/devspace/rust/user-wp/wp-examples/wp-pipeline/demo/wparse/models/knowledge/. suc!
2026-06-13 16:54:05.616451000 [INFO ] [ctrl   ] init authority knowdb success(/Users/zuowenjian/devspace/rust/user-wp/wp-examples/wp-pipeline/demo/wparse/models/knowledge/knowdb.toml) 
2026-06-13 16:54:05.618679000 [WARN ] [ctrl   ] doing=validate sink conf: 
call context:
	name : default/[0]
	kind : file
: validate suc!
2026-06-13 16:54:05.618701000 [INFO ] [ctrl   ] suc! doing=validate sink conf: 
call context:
	name : default/[0]
	kind : file

2026-06-13 16:54:05.618730000 [WARN ] [ctrl   ] doing=validate sink conf: 
call context:
	name : error/[0]
	kind : file
: validate suc!
2026-06-13 16:54:05.618743000 [INFO ] [ctrl   ] suc! doing=validate sink conf: 
call context:
	name : error/[0]
	kind : file

2026-06-13 16:54:05.618763000 [WARN ] [ctrl   ] doing=validate sink conf: 
call context:
	name : miss/[0]
	kind : file
: validate suc!
2026-06-13 16:54:05.618775000 [INFO ] [ctrl   ] suc! doing=validate sink conf: 
call context:
	name : miss/[0]
	kind : file

2026-06-13 16:54:05.618794000 [WARN ] [ctrl   ] doing=validate sink conf: 
call context:
	name : monitor/[0]
	kind : file
: validate suc!
2026-06-13 16:54:05.618806000 [INFO ] [ctrl   ] suc! doing=validate sink conf: 
call context:
	name : monitor/[0]
	kind : file

2026-06-13 16:54:05.618823000 [WARN ] [ctrl   ] doing=validate sink conf: 
call context:
	name : residue/[0]
	kind : file
: validate suc!
2026-06-13 16:54:05.618834000 [INFO ] [ctrl   ] suc! doing=validate sink conf: 
call context:
	name : residue/[0]
	kind : file

2026-06-13 16:54:05.619211000 [INFO ] [ctrl   ] create sink:default/[0] batch_size=128
2026-06-13 16:54:05.619344000 [INFO ] [ctrl   ] create sink:residue/[0] batch_size=1
2026-06-13 16:54:05.619446000 [INFO ] [ctrl   ] create sink:miss/[0] batch_size=1
2026-06-13 16:54:05.619548000 [INFO ] [ctrl   ] create sink:error/[0] batch_size=1
2026-06-13 16:54:05.619706000 [INFO ] [ctrl   ] create sink:monitor/[0] batch_size=1
2026-06-13 16:54:05.620698000 [INFO ] [ctrl   ] load all wpl code beg...
2026-06-13 16:54:05.620727000 [INFO ] [ctrl   ] find conf files in: /Users/zuowenjian/devspace/rust/user-wp/wp-examples/wp-pipeline/demo/wparse/models/wpl
2026-06-13 16:54:05.620854000 [INFO ] [ctrl   ] load conf file: "/Users/zuowenjian/devspace/rust/user-wp/wp-examples/wp-pipeline/demo/wparse/models/wpl/parse.wpl"
2026-06-13 16:54:05.621033000 [INFO ] [ctrl   ] success load & parse code : "/Users/zuowenjian/devspace/rust/user-wp/wp-examples/wp-pipeline/demo/wparse/models/wpl/parse.wpl"
2026-06-13 16:54:05.621055000 [INFO ] [ctrl   ] load all wpl code end
2026-06-13 16:54:05.621071000 [INFO ] [ctrl   ] load all oml model
2026-06-13 16:54:05.621082000 [INFO ] [ctrl   ] find conf files in: /Users/zuowenjian/devspace/rust/user-wp/wp-examples/wp-pipeline/demo/wparse/models/oml
2026-06-13 16:54:05.621220000 [INFO ] [ctrl   ] load conf file: "/Users/zuowenjian/devspace/rust/user-wp/wp-examples/wp-pipeline/demo/wparse/models/oml/example.oml"
2026-06-13 16:54:05.623542000 [WARN ] [ctrl   ] doing=validate sink conf: 
call context:
	name : parsed_nginx_out/parsed_output
	kind : file
: validate suc!
2026-06-13 16:54:05.623579000 [INFO ] [ctrl   ] suc! doing=validate sink conf: 
call context:
	name : parsed_nginx_out/parsed_output
	kind : file

2026-06-13 16:54:05.623698000 [INFO ] [ctrl   ] update_sink_mdl_index, match oml nginx
2026-06-13 16:54:05.623806000 [INFO ] [ctrl   ] init SinkGroup: parsed_nginx_out
2026-06-13 16:54:05.623970000 [INFO ] [ctrl   ] alloc sink res : sink parsed_nginx_out 
2026-06-13 16:54:05.623988000 [INFO ] [ctrl   ] alloc sink res : sink parsed_nginx_out oml model: nginx
2026-06-13 16:54:05.624321000 [INFO ] [ctrl   ] create sink:parsed_nginx_out/parsed_output batch_size=1024
2026-06-13 16:54:05.624441000 [INFO ] [ctrl   ] alloc parse res : wpl rule /nginx//example  
2026-06-13 16:54:05.624460000 [INFO ] [ctrl   ] alloc parse res : rule /nginx//example  sink agent: parsed_nginx_out
2026-06-13 16:54:05.624690000 [INFO ] [ctrl   ] save data file suc : /Users/zuowenjian/devspace/rust/user-wp/wp-examples/wp-pipeline/demo/wparse/.run/rule_mapping.dat 
2026-06-13 16:54:05.624749000 [INFO ] [ctrl   ] start warp-service: run_mode=batch, parallel=2, line_max=Some(5000), reload_timeout_ms=10000
2026-06-13 16:54:05.624764000 [INFO ] [ctrl   ] semantic analysis: disabled
2026-06-13 16:54:05.624807000 [INFO ] [ctrl   ] 数据源配置统计: V2源=1个, 接受器(来自V2)=0个
2026-06-13 16:54:05.624841000 [INFO ] [ctrl   ] monitor proc start: stat_sec=60, stat_print=true
2026-06-13 16:54:05.624950000 [INFO ] [ctrl   ] run-mode=batch: 跳过启动接受器任务
2026-06-13 16:54:05.624975000 [INFO ] [ctrl   ] start 2 parallel to parse (frames)
2026-06-13 16:54:05.624993000 [INFO ] [ctrl   ] speed: unlimited (no wait)
2026-06-13 16:54:05.625008000 [INFO ] [ctrl   ] monitor loop started (stat_sec=60, stat_print=true)
2026-06-13 16:54:05.625062000 [INFO ] [ctrl   ] actor(wparse-parse) work start
2026-06-13 16:54:05.625186000 [INFO ] [ctrl   ] speed: unlimited (no wait)
2026-06-13 16:54:05.625265000 [INFO ] [ctrl   ] speed: unlimited (no wait)
2026-06-13 16:54:05.625350000 [INFO ] [ctrl   ] spawn tokio Sink Group parsed_nginx_out batch_size=1024 batch_timeout_ms=300
2026-06-13 16:54:05.625425000 [INFO ] [ctrl   ] actor(wparse-parse) work start
2026-06-13 16:54:05.625509000 [INFO ] [ctrl   ] speed: unlimited (no wait)
2026-06-13 16:54:05.625524000 [WARN ] [ctrl   ] parse engine pipelin cnt: 1
2026-06-13 16:54:05.625541000 [INFO ] [ctrl   ] speed: unlimited (no wait)
2026-06-13 16:54:05.625566000 [INFO ] [ctrl   ] speed: unlimited (no wait)
2026-06-13 16:54:05.625579000 [WARN ] [ctrl   ] parse engine pipelin cnt: 1
2026-06-13 16:54:05.727155000 [INFO ] [ctrl   ] 启动数据收集(Frame)： 1个数据源
2026-06-13 16:54:05.727241000 [INFO ] [ctrl   ] spawning picker for source 'file_1' (line_max=Some(5000), speed_limit=10000)
2026-06-13 16:54:05.727308000 [WARN ] [ctrl   ] engine started!
2026-06-13 16:54:05.727330000 [INFO ] [ctrl   ] 启动数据源 picker(Frame): file_1
2026-06-13 16:54:05.727357000 [INFO ] [ctrl   ] Starting data source 'file_1'
2026-06-13 16:54:05.727411000 [INFO ] [ctrl   ] Data source 'file_1' started (speed_limit=Some(10000), max_count=Some(5000))
2026-06-13 16:54:05.727451000 [INFO ] [ctrl   ] file_1-picker speed init 10000  limit ns times:1000000000,
2026-06-13 16:54:05.727464000 [WARN ] [ctrl   ] actor:file_1-picker 10000
2026-06-13 16:54:05.737791000 [INFO ] [ctrl   ] task controller hit max_line=5000 with total_count=6144
2026-06-13 16:54:05.737835000 [INFO ] [ctrl   ] file_1-picker reached processing limit (total_cnt=6144, line_max=Some(5000), max_count=Some(5000))
2026-06-13 16:54:05.737871000 [INFO ] [ctrl   ] Closing data source 'file_1'
2026-06-13 16:54:05.737885000 [INFO ] [ctrl   ] file_1-picker dispatch loop exited (max_line=Some(5000), total_pending=0 total_pending_bytes=0)
2026-06-13 16:54:05.737912000 [INFO ] [ctrl   ] 数据源 'file_1' picker 正常结束
2026-06-13 16:54:05.738836000 [INFO ] [ctrl   ] exit-policy Batch: enter quiescing (trigger=RoleFinished(Picker))
2026-06-13 16:54:05.837564000 [INFO ] [ctrl   ] data channel closed; parser loop exits
2026-06-13 16:54:05.837627000 [INFO ] [ctrl   ] engine proc frames end: total 3072
2026-06-13 16:54:05.837668000 [INFO ] [ctrl   ] actor(wparse-parse) work end
2026-06-13 16:54:05.838223000 [INFO ] [ctrl   ] data channel closed; parser loop exits
2026-06-13 16:54:05.838245000 [INFO ] [ctrl   ] engine proc frames end: total 3072
2026-06-13 16:54:05.838279000 [INFO ] [ctrl   ] actor(wparse-parse) work end
2026-06-13 16:54:05.844334000 [INFO ] [ctrl   ] exit-policy Batch: enter stopping (trigger=RoleFinished(Parser))
2026-06-13 16:54:05.844388000 [INFO ] [ctrl   ] picker broadcast cmd :Isolate
2026-06-13 16:54:05.844420000 [INFO ] [ctrl   ] wpl-parse broadcast cmd :Isolate
2026-06-13 16:54:05.844454000 [INFO ] [ctrl   ] amt broadcast cmd :Isolate
2026-06-13 16:54:05.844471000 [INFO ] [ctrl   ] oml-sink broadcast cmd :Isolate
2026-06-13 16:54:05.844488000 [INFO ] [ctrl   ] infra broadcast cmd :Isolate
2026-06-13 16:54:05.844504000 [INFO ] [ctrl   ] monitor broadcast cmd :Isolate
2026-06-13 16:54:05.844523000 [INFO ] [ctrl   ] picker broadcast cmd :Stop(Immediate) 
2026-06-13 16:54:05.844532000 [INFO ] [ctrl   ] monitor recv cmd: CtrlCmd::Alone
2026-06-13 16:54:05.844551000 [INFO ] [ctrl   ] infra sinks  update cmd: CtrlCmd::Alone 
2026-06-13 16:54:05.844712000 [INFO ] [ctrl   ] picker group routines end
2026-06-13 16:54:05.844729000 [INFO ] [ctrl   ] role group Picker(picker) await end!
2026-06-13 16:54:05.844744000 [INFO ] [ctrl   ] wpl-parse broadcast cmd :Stop(Immediate) 
2026-06-13 16:54:05.844759000 [INFO ] [ctrl   ] monitor update cmd: CtrlCmd::Alone 
2026-06-13 16:54:05.844785000 [INFO ] [ctrl   ] wpl-parse group routines end
2026-06-13 16:54:05.844812000 [INFO ] [ctrl   ] role group Parser(wpl-parse) await end!
2026-06-13 16:54:05.844827000 [INFO ] [ctrl   ] amt broadcast cmd :Stop(Immediate) 
2026-06-13 16:54:05.844841000 [INFO ] [ctrl   ] amt group routines [0] wait... 
2026-06-13 16:54:05.855753000 [INFO ] [ctrl   ] maintainer Recv cmd : Isolate
2026-06-13 16:54:05.875852000 [INFO ] [ctrl   ] work-sink:parsed_nginx_out     update cmd: CtrlCmd::Alone 
2026-06-13 16:54:05.878946000 [INFO ] [ctrl   ] maintainer Recv cmd : Stop(Immediate)
2026-06-13 16:54:05.878991000 [INFO ] [ctrl   ] routine cmd stop 
2026-06-13 16:54:05.879037000 [INFO ] [ctrl   ] amt group routines end
2026-06-13 16:54:05.879055000 [INFO ] [ctrl   ] role group Maintainer(amt) await end!
2026-06-13 16:54:05.879070000 [INFO ] [ctrl   ] oml-sink broadcast cmd :Stop(Immediate) 
2026-06-13 16:54:05.879085000 [INFO ] [ctrl   ] oml-sink group routines [0] wait... 
2026-06-13 16:54:05.913074000 [INFO ] [ctrl   ] work-sink:parsed_nginx_out     update cmd: CtrlCmd::Stop(StopNow) 
2026-06-13 16:54:05.913123000 [INFO ] [ctrl   ] routine cmd stop 
2026-06-13 16:54:05.913140000 [INFO ] [ctrl   ] parsed_nginx_out enter draining state
2026-06-13 16:54:06.027308000 [INFO ] [ctrl   ] parsed_nginx_out drain complete
2026-06-13 16:54:06.059779000 [INFO ] [ctrl   ] parsed_nginx_out async sinks proc end
2026-06-13 16:54:06.059958000 [INFO ] [ctrl   ] oml-sink group routines end
2026-06-13 16:54:06.059983000 [INFO ] [ctrl   ] role group Sink(oml-sink) await end!
2026-06-13 16:54:06.060001000 [INFO ] [ctrl   ] infra broadcast cmd :Stop(Immediate) 
2026-06-13 16:54:06.060029000 [INFO ] [ctrl   ] infra group routines [0] wait... 
2026-06-13 16:54:06.060049000 [INFO ] [ctrl   ] infra sinks  update cmd: CtrlCmd::Stop(StopNow) 
2026-06-13 16:54:06.060074000 [INFO ] [ctrl   ] routine cmd stop 
2026-06-13 16:54:06.060087000 [INFO ] [ctrl   ] infra sinks enter draining state
2026-06-13 16:54:06.060107000 [INFO ] [ctrl   ] infra sinks drain complete
2026-06-13 16:54:06.064633000 [INFO ] [ctrl   ] infra:default async sinks proc end
2026-06-13 16:54:06.070796000 [INFO ] [ctrl   ] infra:miss async sinks proc end
2026-06-13 16:54:06.077678000 [INFO ] [ctrl   ] infra:residue async sinks proc end
2026-06-13 16:54:06.081759000 [INFO ] [ctrl   ] infra:monitor async sinks proc end
2026-06-13 16:54:06.085587000 [INFO ] [ctrl   ] infra:error async sinks proc end
2026-06-13 16:54:06.085755000 [INFO ] [ctrl   ] infra group routines end
2026-06-13 16:54:06.085778000 [INFO ] [ctrl   ] role group Infra(infra) await end!
2026-06-13 16:54:06.085796000 [INFO ] [ctrl   ] monitor broadcast cmd :Stop(Immediate) 
2026-06-13 16:54:06.085820000 [INFO ] [ctrl   ] monitor group routines [0] wait... 
2026-06-13 16:54:06.085833000 [INFO ] [ctrl   ] monitor recv cmd: CtrlCmd::Stop(StopNow)
2026-06-13 16:54:06.085849000 [INFO ] [ctrl   ] monitor update cmd: CtrlCmd::Stop(StopNow) 
2026-06-13 16:54:06.085862000 [INFO ] [ctrl   ] routine cmd stop 
2026-06-13 16:54:06.187711000 [INFO ] [ctrl   ] monitor proc end (total_events=31)
2026-06-13 16:54:06.189126000 [INFO ] [ctrl   ] monitor group routines end
2026-06-13 16:54:06.189169000 [INFO ] [ctrl   ] role group Monitor(monitor) await end!
2026-06-13 16:54:06.189192000 [INFO ] [ctrl   ] all role groups await end!
2026-06-13 16:55:34.259472000 [INFO ] [ctrl   ] log conf: level: warn,ctrl=info,data=error,matrc=error,dfx=warn,kdb=warn
output: File
path: Some("./data/logs/")
 
2026-06-13 16:55:34.259632000 [WARN ] [wp_core_connectors::registry] duplicate sink factory registration ignored: kind='blackhole' existing=/Users/zuowenjian/devspace/rust/wparse/wp-motor/src/sinks/builtin_factories.rs:9 new=/Users/zuowenjian/devspace/rust/wparse/wp-motor/src/sinks/builtin_factories.rs:9
2026-06-13 16:55:34.259657000 [WARN ] [wp_core_connectors::registry] duplicate sink factory registration ignored: kind='file' existing=/Users/zuowenjian/devspace/rust/wparse/wp-motor/src/sinks/builtin_factories.rs:10 new=/Users/zuowenjian/devspace/rust/wparse/wp-motor/src/sinks/builtin_factories.rs:10
2026-06-13 16:55:34.259694000 [WARN ] [wp_core_connectors::registry] duplicate sink factory registration ignored: kind='syslog' existing=/Users/zuowenjian/devspace/rust/wparse/wp-motor/src/sinks/builtin_factories.rs:11 new=/Users/zuowenjian/devspace/rust/wparse/wp-motor/src/sinks/builtin_factories.rs:11
2026-06-13 16:55:34.259730000 [WARN ] [wp_core_connectors::registry] duplicate sink factory registration ignored: kind='tcp' existing=/Users/zuowenjian/devspace/rust/wparse/wp-motor/src/sinks/builtin_factories.rs:12 new=/Users/zuowenjian/devspace/rust/wparse/wp-motor/src/sinks/builtin_factories.rs:12
2026-06-13 16:55:34.259748000 [WARN ] [wp_core_connectors::registry] duplicate sink factory registration ignored: kind='test_rescue' existing=/Users/zuowenjian/devspace/rust/wparse/wp-motor/src/sinks/builtin_factories.rs:13 new=/Users/zuowenjian/devspace/rust/wparse/wp-motor/src/sinks/builtin_factories.rs:13
2026-06-13 16:55:34.259765000 [WARN ] [wp_core_connectors::registry] duplicate source factory registration ignored: kind='syslog' existing=/Users/zuowenjian/.cargo/registry/src/index.crates.io-1949cf8c6b5b557f/wp-core-connectors-0.5.0/src/sources/syslog/mod.rs:48 new=/Users/zuowenjian/.cargo/registry/src/index.crates.io-1949cf8c6b5b557f/wp-core-connectors-0.5.0/src/sources/syslog/mod.rs:48
2026-06-13 16:55:34.259787000 [WARN ] [wp_core_connectors::registry] duplicate source factory registration ignored: kind='file' existing=/Users/zuowenjian/.cargo/registry/src/index.crates.io-1949cf8c6b5b557f/wp-core-connectors-0.5.0/src/sources/file/factory.rs:230 new=/Users/zuowenjian/.cargo/registry/src/index.crates.io-1949cf8c6b5b557f/wp-core-connectors-0.5.0/src/sources/file/factory.rs:230
2026-06-13 16:55:34.259862000 [INFO ] [ctrl   ] version 0.25.0 (branch alpha, commit 59ceed3e, built 2026-06-13T15:48:34.416602+08:00 via rustc 1.95.0 (59807616e 2026-04-14))
2026-06-13 16:55:34.259879000 [INFO ] [ctrl   ] enterprise control plane disabled (feature 'enterprise-backend' not enabled)
2026-06-13 16:55:34.260191000 [INFO ] [ctrl   ] build engine with run_mode=Batch, parallel=2, line_max=Some(5000)
2026-06-13 16:55:34.260393000 [INFO ] [ctrl   ] semantic dict: 语义词典配置有效: /Users/zuowenjian/devspace/rust/user-wp/wp-examples/wp-pipeline/demo/wparse/models/knowledge/semantic_dict.toml | 模式: ADD（扩展内置词典） | 词汇数: 0
2026-06-13 16:55:34.260830000 [WARN ] [conf   ] vars not value : SEC_PWD
2026-06-13 16:55:34.263611000 [INFO ] [ctrl   ] suc! doing=load table to kdb: 
call context:
	table_dir : /Users/zuowenjian/devspace/rust/user-wp/wp-examples/wp-pipeline/demo/wparse/models/knowledge/./example
	data_path : /Users/zuowenjian/devspace/rust/user-wp/wp-examples/wp-pipeline/demo/wparse/models/knowledge/./example/data.csv

2026-06-13 16:55:34.263634000 [INFO ] [ctrl   ] load table /Users/zuowenjian/devspace/rust/user-wp/wp-examples/wp-pipeline/demo/wparse/models/knowledge/. suc!
2026-06-13 16:55:34.263756000 [WARN ] [conf   ] vars not value : SEC_PWD
2026-06-13 16:55:34.263871000 [WARN ] [conf   ] vars not value : SEC_PWD
2026-06-13 16:55:34.264828000 [INFO ] [ctrl   ] suc! doing=load table to kdb: 
call context:
	table_dir : /Users/zuowenjian/devspace/rust/user-wp/wp-examples/wp-pipeline/demo/wparse/models/knowledge/./example
	data_path : /Users/zuowenjian/devspace/rust/user-wp/wp-examples/wp-pipeline/demo/wparse/models/knowledge/./example/data.csv

2026-06-13 16:55:34.264842000 [INFO ] [ctrl   ] load table /Users/zuowenjian/devspace/rust/user-wp/wp-examples/wp-pipeline/demo/wparse/models/knowledge/. suc!
2026-06-13 16:55:34.264884000 [INFO ] [ctrl   ] init authority knowdb success(/Users/zuowenjian/devspace/rust/user-wp/wp-examples/wp-pipeline/demo/wparse/models/knowledge/knowdb.toml) 
2026-06-13 16:55:34.267107000 [WARN ] [ctrl   ] doing=validate sink conf: 
call context:
	name : default/[0]
	kind : file
: validate suc!
2026-06-13 16:55:34.267124000 [INFO ] [ctrl   ] suc! doing=validate sink conf: 
call context:
	name : default/[0]
	kind : file

2026-06-13 16:55:34.267150000 [WARN ] [ctrl   ] doing=validate sink conf: 
call context:
	name : error/[0]
	kind : file
: validate suc!
2026-06-13 16:55:34.267163000 [INFO ] [ctrl   ] suc! doing=validate sink conf: 
call context:
	name : error/[0]
	kind : file

2026-06-13 16:55:34.267184000 [WARN ] [ctrl   ] doing=validate sink conf: 
call context:
	name : miss/[0]
	kind : file
: validate suc!
2026-06-13 16:55:34.267197000 [INFO ] [ctrl   ] suc! doing=validate sink conf: 
call context:
	name : miss/[0]
	kind : file

2026-06-13 16:55:34.267217000 [WARN ] [ctrl   ] doing=validate sink conf: 
call context:
	name : monitor/[0]
	kind : file
: validate suc!
2026-06-13 16:55:34.267230000 [INFO ] [ctrl   ] suc! doing=validate sink conf: 
call context:
	name : monitor/[0]
	kind : file

2026-06-13 16:55:34.267248000 [WARN ] [ctrl   ] doing=validate sink conf: 
call context:
	name : residue/[0]
	kind : file
: validate suc!
2026-06-13 16:55:34.267261000 [INFO ] [ctrl   ] suc! doing=validate sink conf: 
call context:
	name : residue/[0]
	kind : file

2026-06-13 16:55:34.267595000 [INFO ] [ctrl   ] create sink:default/[0] batch_size=128
2026-06-13 16:55:34.267725000 [INFO ] [ctrl   ] create sink:residue/[0] batch_size=1
2026-06-13 16:55:34.267832000 [INFO ] [ctrl   ] create sink:miss/[0] batch_size=1
2026-06-13 16:55:34.267969000 [INFO ] [ctrl   ] create sink:error/[0] batch_size=1
2026-06-13 16:55:34.268113000 [INFO ] [ctrl   ] create sink:monitor/[0] batch_size=1
2026-06-13 16:55:34.269158000 [INFO ] [ctrl   ] load all wpl code beg...
2026-06-13 16:55:34.269189000 [INFO ] [ctrl   ] find conf files in: /Users/zuowenjian/devspace/rust/user-wp/wp-examples/wp-pipeline/demo/wparse/models/wpl
2026-06-13 16:55:34.269307000 [INFO ] [ctrl   ] load conf file: "/Users/zuowenjian/devspace/rust/user-wp/wp-examples/wp-pipeline/demo/wparse/models/wpl/parse.wpl"
2026-06-13 16:55:34.269499000 [INFO ] [ctrl   ] success load & parse code : "/Users/zuowenjian/devspace/rust/user-wp/wp-examples/wp-pipeline/demo/wparse/models/wpl/parse.wpl"
2026-06-13 16:55:34.269522000 [INFO ] [ctrl   ] load all wpl code end
2026-06-13 16:55:34.269540000 [INFO ] [ctrl   ] load all oml model
2026-06-13 16:55:34.269553000 [INFO ] [ctrl   ] find conf files in: /Users/zuowenjian/devspace/rust/user-wp/wp-examples/wp-pipeline/demo/wparse/models/oml
2026-06-13 16:55:34.269670000 [INFO ] [ctrl   ] load conf file: "/Users/zuowenjian/devspace/rust/user-wp/wp-examples/wp-pipeline/demo/wparse/models/oml/example.oml"
2026-06-13 16:55:34.271687000 [WARN ] [ctrl   ] doing=validate sink conf: 
call context:
	name : parsed_nginx_out/parsed_output
	kind : file
: validate suc!
2026-06-13 16:55:34.271715000 [INFO ] [ctrl   ] suc! doing=validate sink conf: 
call context:
	name : parsed_nginx_out/parsed_output
	kind : file

2026-06-13 16:55:34.271793000 [INFO ] [ctrl   ] update_sink_mdl_index, match oml nginx
2026-06-13 16:55:34.271827000 [INFO ] [ctrl   ] init SinkGroup: parsed_nginx_out
2026-06-13 16:55:34.271842000 [INFO ] [ctrl   ] alloc sink res : sink parsed_nginx_out 
2026-06-13 16:55:34.271855000 [INFO ] [ctrl   ] alloc sink res : sink parsed_nginx_out oml model: nginx
2026-06-13 16:55:34.272050000 [INFO ] [ctrl   ] create sink:parsed_nginx_out/parsed_output batch_size=1024
2026-06-13 16:55:34.272174000 [INFO ] [ctrl   ] alloc parse res : wpl rule /nginx//example  
2026-06-13 16:55:34.272198000 [INFO ] [ctrl   ] alloc parse res : rule /nginx//example  sink agent: parsed_nginx_out
2026-06-13 16:55:34.272422000 [INFO ] [ctrl   ] save data file suc : /Users/zuowenjian/devspace/rust/user-wp/wp-examples/wp-pipeline/demo/wparse/.run/rule_mapping.dat 
2026-06-13 16:55:34.272481000 [INFO ] [ctrl   ] start warp-service: run_mode=batch, parallel=2, line_max=Some(5000), reload_timeout_ms=10000
2026-06-13 16:55:34.272496000 [INFO ] [ctrl   ] semantic analysis: disabled
2026-06-13 16:55:34.272539000 [INFO ] [ctrl   ] 数据源配置统计: V2源=1个, 接受器(来自V2)=0个
2026-06-13 16:55:34.272571000 [INFO ] [ctrl   ] monitor proc start: stat_sec=60, stat_print=true
2026-06-13 16:55:34.272673000 [INFO ] [ctrl   ] run-mode=batch: 跳过启动接受器任务
2026-06-13 16:55:34.272697000 [INFO ] [ctrl   ] start 2 parallel to parse (frames)
2026-06-13 16:55:34.272712000 [INFO ] [ctrl   ] speed: unlimited (no wait)
2026-06-13 16:55:34.272725000 [INFO ] [ctrl   ] monitor loop started (stat_sec=60, stat_print=true)
2026-06-13 16:55:34.272784000 [INFO ] [ctrl   ] actor(wparse-parse) work start
2026-06-13 16:55:34.272891000 [INFO ] [ctrl   ] actor(wparse-parse) work start
2026-06-13 16:55:34.272984000 [INFO ] [ctrl   ] speed: unlimited (no wait)
2026-06-13 16:55:34.273083000 [INFO ] [ctrl   ] spawn tokio Sink Group parsed_nginx_out batch_size=1024 batch_timeout_ms=300
2026-06-13 16:55:34.273158000 [INFO ] [ctrl   ] speed: unlimited (no wait)
2026-06-13 16:55:34.273240000 [INFO ] [ctrl   ] speed: unlimited (no wait)
2026-06-13 16:55:34.273259000 [INFO ] [ctrl   ] speed: unlimited (no wait)
2026-06-13 16:55:34.273274000 [WARN ] [ctrl   ] parse engine pipelin cnt: 1
2026-06-13 16:55:34.273287000 [WARN ] [ctrl   ] parse engine pipelin cnt: 1
2026-06-13 16:55:34.273302000 [INFO ] [ctrl   ] speed: unlimited (no wait)
2026-06-13 16:55:34.374956000 [INFO ] [ctrl   ] 启动数据收集(Frame)： 1个数据源
2026-06-13 16:55:34.375037000 [INFO ] [ctrl   ] spawning picker for source 'file_1' (line_max=Some(5000), speed_limit=10000)
2026-06-13 16:55:34.375073000 [INFO ] [ctrl   ] 启动数据源 picker(Frame): file_1
2026-06-13 16:55:34.375103000 [WARN ] [ctrl   ] engine started!
2026-06-13 16:55:34.375128000 [INFO ] [ctrl   ] Starting data source 'file_1'
2026-06-13 16:55:34.375182000 [INFO ] [ctrl   ] Data source 'file_1' started (speed_limit=Some(10000), max_count=Some(5000))
2026-06-13 16:55:34.375214000 [INFO ] [ctrl   ] file_1-picker speed init 10000  limit ns times:1000000000,
2026-06-13 16:55:34.375227000 [WARN ] [ctrl   ] actor:file_1-picker 10000
2026-06-13 16:55:34.386612000 [INFO ] [ctrl   ] task controller hit max_line=5000 with total_count=6144
2026-06-13 16:55:34.386675000 [INFO ] [ctrl   ] file_1-picker reached processing limit (total_cnt=6144, line_max=Some(5000), max_count=Some(5000))
2026-06-13 16:55:34.386754000 [INFO ] [ctrl   ] Closing data source 'file_1'
2026-06-13 16:55:34.386775000 [INFO ] [ctrl   ] file_1-picker dispatch loop exited (max_line=Some(5000), total_pending=0 total_pending_bytes=0)
2026-06-13 16:55:34.386810000 [INFO ] [ctrl   ] 数据源 'file_1' picker 正常结束
2026-06-13 16:55:34.397571000 [INFO ] [ctrl   ] exit-policy Batch: enter quiescing (trigger=RoleFinished(Picker))
2026-06-13 16:55:34.491389000 [INFO ] [ctrl   ] data channel closed; parser loop exits
2026-06-13 16:55:34.491454000 [INFO ] [ctrl   ] engine proc frames end: total 3072
2026-06-13 16:55:34.491485000 [INFO ] [ctrl   ] actor(wparse-parse) work end
2026-06-13 16:55:34.492041000 [INFO ] [ctrl   ] data channel closed; parser loop exits
2026-06-13 16:55:34.492062000 [INFO ] [ctrl   ] engine proc frames end: total 3072
2026-06-13 16:55:34.492087000 [INFO ] [ctrl   ] actor(wparse-parse) work end
2026-06-13 16:55:34.499541000 [INFO ] [ctrl   ] exit-policy Batch: enter stopping (trigger=RoleFinished(Parser))
2026-06-13 16:55:34.499597000 [INFO ] [ctrl   ] picker broadcast cmd :Isolate
2026-06-13 16:55:34.499630000 [INFO ] [ctrl   ] wpl-parse broadcast cmd :Isolate
2026-06-13 16:55:34.499648000 [INFO ] [ctrl   ] amt broadcast cmd :Isolate
2026-06-13 16:55:34.499664000 [INFO ] [ctrl   ] oml-sink broadcast cmd :Isolate
2026-06-13 16:55:34.499682000 [INFO ] [ctrl   ] infra broadcast cmd :Isolate
2026-06-13 16:55:34.499700000 [INFO ] [ctrl   ] monitor broadcast cmd :Isolate
2026-06-13 16:55:34.499717000 [INFO ] [ctrl   ] picker broadcast cmd :Stop(Immediate) 
2026-06-13 16:55:34.499732000 [INFO ] [ctrl   ] infra sinks  update cmd: CtrlCmd::Alone 
2026-06-13 16:55:34.499757000 [INFO ] [ctrl   ] picker group routines end
2026-06-13 16:55:34.499780000 [INFO ] [ctrl   ] role group Picker(picker) await end!
2026-06-13 16:55:34.499794000 [INFO ] [ctrl   ] wpl-parse broadcast cmd :Stop(Immediate) 
2026-06-13 16:55:34.499812000 [INFO ] [ctrl   ] wpl-parse group routines end
2026-06-13 16:55:34.499826000 [INFO ] [ctrl   ] role group Parser(wpl-parse) await end!
2026-06-13 16:55:34.499837000 [INFO ] [ctrl   ] amt broadcast cmd :Stop(Immediate) 
2026-06-13 16:55:34.499848000 [INFO ] [ctrl   ] amt group routines [0] wait... 
2026-06-13 16:55:34.506537000 [INFO ] [ctrl   ] maintainer Recv cmd : Isolate
2026-06-13 16:55:34.529934000 [INFO ] [ctrl   ] maintainer Recv cmd : Stop(Immediate)
2026-06-13 16:55:34.529985000 [INFO ] [ctrl   ] routine cmd stop 
2026-06-13 16:55:34.530030000 [INFO ] [ctrl   ] amt group routines end
2026-06-13 16:55:34.530051000 [INFO ] [ctrl   ] role group Maintainer(amt) await end!
2026-06-13 16:55:34.530066000 [INFO ] [ctrl   ] oml-sink broadcast cmd :Stop(Immediate) 
2026-06-13 16:55:34.530083000 [INFO ] [ctrl   ] oml-sink group routines [0] wait... 
2026-06-13 16:55:34.535241000 [INFO ] [ctrl   ] work-sink:parsed_nginx_out     update cmd: CtrlCmd::Alone 
2026-06-13 16:55:34.572770000 [INFO ] [ctrl   ] work-sink:parsed_nginx_out     update cmd: CtrlCmd::Stop(StopNow) 
2026-06-13 16:55:34.572823000 [INFO ] [ctrl   ] routine cmd stop 
2026-06-13 16:55:34.572836000 [INFO ] [ctrl   ] parsed_nginx_out enter draining state
2026-06-13 16:55:34.634618000 [INFO ] [ctrl   ] parsed_nginx_out drain complete
2026-06-13 16:55:34.641631000 [INFO ] [ctrl   ] monitor recv cmd: CtrlCmd::Alone
2026-06-13 16:55:34.641656000 [INFO ] [ctrl   ] monitor update cmd: CtrlCmd::Alone 
2026-06-13 16:55:34.650956000 [INFO ] [ctrl   ] parsed_nginx_out async sinks proc end
2026-06-13 16:55:34.651091000 [INFO ] [ctrl   ] oml-sink group routines end
2026-06-13 16:55:34.651109000 [INFO ] [ctrl   ] role group Sink(oml-sink) await end!
2026-06-13 16:55:34.651124000 [INFO ] [ctrl   ] infra broadcast cmd :Stop(Immediate) 
2026-06-13 16:55:34.651144000 [INFO ] [ctrl   ] infra group routines [0] wait... 
2026-06-13 16:55:34.651163000 [INFO ] [ctrl   ] infra sinks  update cmd: CtrlCmd::Stop(StopNow) 
2026-06-13 16:55:34.651191000 [INFO ] [ctrl   ] routine cmd stop 
2026-06-13 16:55:34.651206000 [INFO ] [ctrl   ] infra sinks enter draining state
2026-06-13 16:55:34.651227000 [INFO ] [ctrl   ] infra sinks drain complete
2026-06-13 16:55:34.655827000 [INFO ] [ctrl   ] infra:default async sinks proc end
2026-06-13 16:55:34.660918000 [INFO ] [ctrl   ] infra:miss async sinks proc end
2026-06-13 16:55:34.666841000 [INFO ] [ctrl   ] infra:residue async sinks proc end
2026-06-13 16:55:34.670853000 [INFO ] [ctrl   ] infra:monitor async sinks proc end
2026-06-13 16:55:34.674780000 [INFO ] [ctrl   ] infra:error async sinks proc end
2026-06-13 16:55:34.674896000 [INFO ] [ctrl   ] infra group routines end
2026-06-13 16:55:34.674920000 [INFO ] [ctrl   ] role group Infra(infra) await end!
2026-06-13 16:55:34.674938000 [INFO ] [ctrl   ] monitor broadcast cmd :Stop(Immediate) 
2026-06-13 16:55:34.674960000 [INFO ] [ctrl   ] monitor group routines [0] wait... 
2026-06-13 16:55:34.674978000 [INFO ] [ctrl   ] monitor recv cmd: CtrlCmd::Stop(StopNow)
2026-06-13 16:55:34.674991000 [INFO ] [ctrl   ] monitor update cmd: CtrlCmd::Stop(StopNow) 
2026-06-13 16:55:34.675002000 [INFO ] [ctrl   ] routine cmd stop 
2026-06-13 16:55:34.776672000 [INFO ] [ctrl   ] monitor proc end (total_events=26)
2026-06-13 16:55:34.778190000 [INFO ] [ctrl   ] monitor group routines end
2026-06-13 16:55:34.778238000 [INFO ] [ctrl   ] role group Monitor(monitor) await end!
2026-06-13 16:55:34.778257000 [INFO ] [ctrl   ] all role groups await end!
2026-06-13 16:55:44.725327000 [INFO ] [ctrl   ] log conf: level: warn,ctrl=info,data=error,matrc=error,dfx=warn,kdb=warn
output: File
path: Some("./data/logs/")
 
2026-06-13 16:55:44.725472000 [WARN ] [wp_core_connectors::registry] duplicate sink factory registration ignored: kind='blackhole' existing=/Users/zuowenjian/devspace/rust/wparse/wp-motor/src/sinks/builtin_factories.rs:9 new=/Users/zuowenjian/devspace/rust/wparse/wp-motor/src/sinks/builtin_factories.rs:9
2026-06-13 16:55:44.725497000 [WARN ] [wp_core_connectors::registry] duplicate sink factory registration ignored: kind='file' existing=/Users/zuowenjian/devspace/rust/wparse/wp-motor/src/sinks/builtin_factories.rs:10 new=/Users/zuowenjian/devspace/rust/wparse/wp-motor/src/sinks/builtin_factories.rs:10
2026-06-13 16:55:44.725519000 [WARN ] [wp_core_connectors::registry] duplicate sink factory registration ignored: kind='syslog' existing=/Users/zuowenjian/devspace/rust/wparse/wp-motor/src/sinks/builtin_factories.rs:11 new=/Users/zuowenjian/devspace/rust/wparse/wp-motor/src/sinks/builtin_factories.rs:11
2026-06-13 16:55:44.725540000 [WARN ] [wp_core_connectors::registry] duplicate sink factory registration ignored: kind='tcp' existing=/Users/zuowenjian/devspace/rust/wparse/wp-motor/src/sinks/builtin_factories.rs:12 new=/Users/zuowenjian/devspace/rust/wparse/wp-motor/src/sinks/builtin_factories.rs:12
2026-06-13 16:55:44.725557000 [WARN ] [wp_core_connectors::registry] duplicate sink factory registration ignored: kind='test_rescue' existing=/Users/zuowenjian/devspace/rust/wparse/wp-motor/src/sinks/builtin_factories.rs:13 new=/Users/zuowenjian/devspace/rust/wparse/wp-motor/src/sinks/builtin_factories.rs:13
2026-06-13 16:55:44.725575000 [WARN ] [wp_core_connectors::registry] duplicate source factory registration ignored: kind='syslog' existing=/Users/zuowenjian/.cargo/registry/src/index.crates.io-1949cf8c6b5b557f/wp-core-connectors-0.5.0/src/sources/syslog/mod.rs:48 new=/Users/zuowenjian/.cargo/registry/src/index.crates.io-1949cf8c6b5b557f/wp-core-connectors-0.5.0/src/sources/syslog/mod.rs:48
2026-06-13 16:55:44.725596000 [WARN ] [wp_core_connectors::registry] duplicate source factory registration ignored: kind='file' existing=/Users/zuowenjian/.cargo/registry/src/index.crates.io-1949cf8c6b5b557f/wp-core-connectors-0.5.0/src/sources/file/factory.rs:230 new=/Users/zuowenjian/.cargo/registry/src/index.crates.io-1949cf8c6b5b557f/wp-core-connectors-0.5.0/src/sources/file/factory.rs:230
2026-06-13 16:55:44.725661000 [INFO ] [ctrl   ] version 0.25.0 (branch alpha, commit 59ceed3e, built 2026-06-13T15:48:34.416602+08:00 via rustc 1.95.0 (59807616e 2026-04-14))
2026-06-13 16:55:44.725678000 [INFO ] [ctrl   ] enterprise control plane disabled (feature 'enterprise-backend' not enabled)
2026-06-13 16:55:44.725994000 [INFO ] [ctrl   ] build engine with run_mode=Batch, parallel=2, line_max=Some(5000)
2026-06-13 16:55:44.726187000 [INFO ] [ctrl   ] semantic dict: 语义词典配置有效: /Users/zuowenjian/devspace/rust/user-wp/wp-examples/wp-pipeline/demo/wparse/models/knowledge/semantic_dict.toml | 模式: ADD（扩展内置词典） | 词汇数: 0
2026-06-13 16:55:44.726598000 [WARN ] [conf   ] vars not value : SEC_PWD
2026-06-13 16:55:44.729362000 [INFO ] [ctrl   ] suc! doing=load table to kdb: 
call context:
	table_dir : /Users/zuowenjian/devspace/rust/user-wp/wp-examples/wp-pipeline/demo/wparse/models/knowledge/./example
	data_path : /Users/zuowenjian/devspace/rust/user-wp/wp-examples/wp-pipeline/demo/wparse/models/knowledge/./example/data.csv

2026-06-13 16:55:44.729394000 [INFO ] [ctrl   ] load table /Users/zuowenjian/devspace/rust/user-wp/wp-examples/wp-pipeline/demo/wparse/models/knowledge/. suc!
2026-06-13 16:55:44.729531000 [WARN ] [conf   ] vars not value : SEC_PWD
2026-06-13 16:55:44.729662000 [WARN ] [conf   ] vars not value : SEC_PWD
2026-06-13 16:55:44.730855000 [INFO ] [ctrl   ] suc! doing=load table to kdb: 
call context:
	table_dir : /Users/zuowenjian/devspace/rust/user-wp/wp-examples/wp-pipeline/demo/wparse/models/knowledge/./example
	data_path : /Users/zuowenjian/devspace/rust/user-wp/wp-examples/wp-pipeline/demo/wparse/models/knowledge/./example/data.csv

2026-06-13 16:55:44.730869000 [INFO ] [ctrl   ] load table /Users/zuowenjian/devspace/rust/user-wp/wp-examples/wp-pipeline/demo/wparse/models/knowledge/. suc!
2026-06-13 16:55:44.730913000 [INFO ] [ctrl   ] init authority knowdb success(/Users/zuowenjian/devspace/rust/user-wp/wp-examples/wp-pipeline/demo/wparse/models/knowledge/knowdb.toml) 
2026-06-13 16:55:44.733413000 [WARN ] [ctrl   ] doing=validate sink conf: 
call context:
	name : default/[0]
	kind : file
: validate suc!
2026-06-13 16:55:44.733444000 [INFO ] [ctrl   ] suc! doing=validate sink conf: 
call context:
	name : default/[0]
	kind : file

2026-06-13 16:55:44.733472000 [WARN ] [ctrl   ] doing=validate sink conf: 
call context:
	name : error/[0]
	kind : file
: validate suc!
2026-06-13 16:55:44.733488000 [INFO ] [ctrl   ] suc! doing=validate sink conf: 
call context:
	name : error/[0]
	kind : file

2026-06-13 16:55:44.733510000 [WARN ] [ctrl   ] doing=validate sink conf: 
call context:
	name : miss/[0]
	kind : file
: validate suc!
2026-06-13 16:55:44.733523000 [INFO ] [ctrl   ] suc! doing=validate sink conf: 
call context:
	name : miss/[0]
	kind : file

2026-06-13 16:55:44.733543000 [WARN ] [ctrl   ] doing=validate sink conf: 
call context:
	name : monitor/[0]
	kind : file
: validate suc!
2026-06-13 16:55:44.733557000 [INFO ] [ctrl   ] suc! doing=validate sink conf: 
call context:
	name : monitor/[0]
	kind : file

2026-06-13 16:55:44.733576000 [WARN ] [ctrl   ] doing=validate sink conf: 
call context:
	name : residue/[0]
	kind : file
: validate suc!
2026-06-13 16:55:44.733588000 [INFO ] [ctrl   ] suc! doing=validate sink conf: 
call context:
	name : residue/[0]
	kind : file

2026-06-13 16:55:44.733955000 [INFO ] [ctrl   ] create sink:default/[0] batch_size=128
2026-06-13 16:55:44.734088000 [INFO ] [ctrl   ] create sink:residue/[0] batch_size=1
2026-06-13 16:55:44.734187000 [INFO ] [ctrl   ] create sink:miss/[0] batch_size=1
2026-06-13 16:55:44.734284000 [INFO ] [ctrl   ] create sink:error/[0] batch_size=1
2026-06-13 16:55:44.734377000 [INFO ] [ctrl   ] create sink:monitor/[0] batch_size=1
2026-06-13 16:55:44.735384000 [INFO ] [ctrl   ] load all wpl code beg...
2026-06-13 16:55:44.735419000 [INFO ] [ctrl   ] find conf files in: /Users/zuowenjian/devspace/rust/user-wp/wp-examples/wp-pipeline/demo/wparse/models/wpl
2026-06-13 16:55:44.735557000 [INFO ] [ctrl   ] load conf file: "/Users/zuowenjian/devspace/rust/user-wp/wp-examples/wp-pipeline/demo/wparse/models/wpl/parse.wpl"
2026-06-13 16:55:44.735751000 [INFO ] [ctrl   ] success load & parse code : "/Users/zuowenjian/devspace/rust/user-wp/wp-examples/wp-pipeline/demo/wparse/models/wpl/parse.wpl"
2026-06-13 16:55:44.735774000 [INFO ] [ctrl   ] load all wpl code end
2026-06-13 16:55:44.735792000 [INFO ] [ctrl   ] load all oml model
2026-06-13 16:55:44.735804000 [INFO ] [ctrl   ] find conf files in: /Users/zuowenjian/devspace/rust/user-wp/wp-examples/wp-pipeline/demo/wparse/models/oml
2026-06-13 16:55:44.735911000 [INFO ] [ctrl   ] load conf file: "/Users/zuowenjian/devspace/rust/user-wp/wp-examples/wp-pipeline/demo/wparse/models/oml/example.oml"
2026-06-13 16:55:44.737949000 [WARN ] [ctrl   ] doing=validate sink conf: 
call context:
	name : parsed_nginx_out/parsed_output
	kind : file
: validate suc!
2026-06-13 16:55:44.737984000 [INFO ] [ctrl   ] suc! doing=validate sink conf: 
call context:
	name : parsed_nginx_out/parsed_output
	kind : file

2026-06-13 16:55:44.738066000 [INFO ] [ctrl   ] update_sink_mdl_index, match oml nginx
2026-06-13 16:55:44.738102000 [INFO ] [ctrl   ] init SinkGroup: parsed_nginx_out
2026-06-13 16:55:44.738117000 [INFO ] [ctrl   ] alloc sink res : sink parsed_nginx_out 
2026-06-13 16:55:44.738138000 [INFO ] [ctrl   ] alloc sink res : sink parsed_nginx_out oml model: nginx
2026-06-13 16:55:44.738265000 [INFO ] [ctrl   ] create sink:parsed_nginx_out/parsed_output batch_size=1024
2026-06-13 16:55:44.738360000 [INFO ] [ctrl   ] alloc parse res : wpl rule /nginx//example  
2026-06-13 16:55:44.738375000 [INFO ] [ctrl   ] alloc parse res : rule /nginx//example  sink agent: parsed_nginx_out
2026-06-13 16:55:44.738560000 [INFO ] [ctrl   ] save data file suc : /Users/zuowenjian/devspace/rust/user-wp/wp-examples/wp-pipeline/demo/wparse/.run/rule_mapping.dat 
2026-06-13 16:55:44.738609000 [INFO ] [ctrl   ] start warp-service: run_mode=batch, parallel=2, line_max=Some(5000), reload_timeout_ms=10000
2026-06-13 16:55:44.738624000 [INFO ] [ctrl   ] semantic analysis: disabled
2026-06-13 16:55:44.738672000 [INFO ] [ctrl   ] 数据源配置统计: V2源=1个, 接受器(来自V2)=0个
2026-06-13 16:55:44.738711000 [INFO ] [ctrl   ] monitor proc start: stat_sec=60, stat_print=true
2026-06-13 16:55:44.738853000 [INFO ] [ctrl   ] run-mode=batch: 跳过启动接受器任务
2026-06-13 16:55:44.738883000 [INFO ] [ctrl   ] start 2 parallel to parse (frames)
2026-06-13 16:55:44.738910000 [INFO ] [ctrl   ] speed: unlimited (no wait)
2026-06-13 16:55:44.738932000 [INFO ] [ctrl   ] monitor loop started (stat_sec=60, stat_print=true)
2026-06-13 16:55:44.738999000 [INFO ] [ctrl   ] actor(wparse-parse) work start
2026-06-13 16:55:44.739080000 [INFO ] [ctrl   ] speed: unlimited (no wait)
2026-06-13 16:55:44.739183000 [INFO ] [ctrl   ] speed: unlimited (no wait)
2026-06-13 16:55:44.739203000 [INFO ] [ctrl   ] speed: unlimited (no wait)
2026-06-13 16:55:44.739426000 [INFO ] [ctrl   ] actor(wparse-parse) work start
2026-06-13 16:55:44.739532000 [WARN ] [ctrl   ] parse engine pipelin cnt: 1
2026-06-13 16:55:44.739552000 [INFO ] [ctrl   ] spawn tokio Sink Group parsed_nginx_out batch_size=1024 batch_timeout_ms=300
2026-06-13 16:55:44.739616000 [INFO ] [ctrl   ] speed: unlimited (no wait)
2026-06-13 16:55:44.739629000 [WARN ] [ctrl   ] parse engine pipelin cnt: 1
2026-06-13 16:55:44.739641000 [INFO ] [ctrl   ] speed: unlimited (no wait)
2026-06-13 16:55:44.839908000 [INFO ] [ctrl   ] 启动数据收集(Frame)： 1个数据源
2026-06-13 16:55:44.839996000 [INFO ] [ctrl   ] spawning picker for source 'file_1' (line_max=Some(5000), speed_limit=10000)
2026-06-13 16:55:44.840042000 [WARN ] [ctrl   ] engine started!
2026-06-13 16:55:44.840064000 [INFO ] [ctrl   ] 启动数据源 picker(Frame): file_1
2026-06-13 16:55:44.840089000 [INFO ] [ctrl   ] Starting data source 'file_1'
2026-06-13 16:55:44.840144000 [INFO ] [ctrl   ] Data source 'file_1' started (speed_limit=Some(10000), max_count=Some(5000))
2026-06-13 16:55:44.840193000 [INFO ] [ctrl   ] file_1-picker speed init 10000  limit ns times:1000000000,
2026-06-13 16:55:44.840207000 [WARN ] [ctrl   ] actor:file_1-picker 10000
2026-06-13 16:55:44.851682000 [INFO ] [ctrl   ] task controller hit max_line=5000 with total_count=6144
2026-06-13 16:55:44.851743000 [INFO ] [ctrl   ] file_1-picker reached processing limit (total_cnt=6144, line_max=Some(5000), max_count=Some(5000))
2026-06-13 16:55:44.851783000 [INFO ] [ctrl   ] Closing data source 'file_1'
2026-06-13 16:55:44.851799000 [INFO ] [ctrl   ] file_1-picker dispatch loop exited (max_line=Some(5000), total_pending=0 total_pending_bytes=0)
2026-06-13 16:55:44.851829000 [INFO ] [ctrl   ] 数据源 'file_1' picker 正常结束
2026-06-13 16:55:44.862551000 [INFO ] [ctrl   ] exit-policy Batch: enter quiescing (trigger=RoleFinished(Picker))
2026-06-13 16:55:44.957927000 [INFO ] [ctrl   ] data channel closed; parser loop exits
2026-06-13 16:55:44.957989000 [INFO ] [ctrl   ] engine proc frames end: total 3072
2026-06-13 16:55:44.958021000 [INFO ] [ctrl   ] actor(wparse-parse) work end
2026-06-13 16:55:44.958813000 [INFO ] [ctrl   ] data channel closed; parser loop exits
2026-06-13 16:55:44.958836000 [INFO ] [ctrl   ] engine proc frames end: total 3072
2026-06-13 16:55:44.958859000 [INFO ] [ctrl   ] actor(wparse-parse) work end
2026-06-13 16:55:44.970096000 [INFO ] [ctrl   ] exit-policy Batch: enter stopping (trigger=RoleFinished(Parser))
2026-06-13 16:55:44.970146000 [INFO ] [ctrl   ] picker broadcast cmd :Isolate
2026-06-13 16:55:44.970172000 [INFO ] [ctrl   ] wpl-parse broadcast cmd :Isolate
2026-06-13 16:55:44.970189000 [INFO ] [ctrl   ] amt broadcast cmd :Isolate
2026-06-13 16:55:44.970213000 [INFO ] [ctrl   ] oml-sink broadcast cmd :Isolate
2026-06-13 16:55:44.970231000 [INFO ] [ctrl   ] infra broadcast cmd :Isolate
2026-06-13 16:55:44.970252000 [INFO ] [ctrl   ] maintainer Recv cmd : Isolate
2026-06-13 16:55:44.970378000 [INFO ] [ctrl   ] infra sinks  update cmd: CtrlCmd::Alone 
2026-06-13 16:55:44.970403000 [INFO ] [ctrl   ] monitor broadcast cmd :Isolate
2026-06-13 16:55:44.970441000 [INFO ] [ctrl   ] picker broadcast cmd :Stop(Immediate) 
2026-06-13 16:55:44.970465000 [INFO ] [ctrl   ] picker group routines end
2026-06-13 16:55:44.970481000 [INFO ] [ctrl   ] role group Picker(picker) await end!
2026-06-13 16:55:44.970493000 [INFO ] [ctrl   ] wpl-parse broadcast cmd :Stop(Immediate) 
2026-06-13 16:55:44.970508000 [INFO ] [ctrl   ] wpl-parse group routines end
2026-06-13 16:55:44.970518000 [INFO ] [ctrl   ] role group Parser(wpl-parse) await end!
2026-06-13 16:55:44.970528000 [INFO ] [ctrl   ] amt broadcast cmd :Stop(Immediate) 
2026-06-13 16:55:44.970539000 [INFO ] [ctrl   ] amt group routines [0] wait... 
2026-06-13 16:55:44.994476000 [INFO ] [ctrl   ] maintainer Recv cmd : Stop(Immediate)
2026-06-13 16:55:44.994511000 [INFO ] [ctrl   ] routine cmd stop 
2026-06-13 16:55:44.994550000 [INFO ] [ctrl   ] amt group routines end
2026-06-13 16:55:44.994578000 [INFO ] [ctrl   ] role group Maintainer(amt) await end!
2026-06-13 16:55:44.994594000 [INFO ] [ctrl   ] oml-sink broadcast cmd :Stop(Immediate) 
2026-06-13 16:55:44.994610000 [INFO ] [ctrl   ] oml-sink group routines [0] wait... 
2026-06-13 16:55:44.995852000 [INFO ] [ctrl   ] work-sink:parsed_nginx_out     update cmd: CtrlCmd::Alone 
2026-06-13 16:55:44.995883000 [INFO ] [ctrl   ] work-sink:parsed_nginx_out     update cmd: CtrlCmd::Stop(StopNow) 
2026-06-13 16:55:44.995896000 [INFO ] [ctrl   ] routine cmd stop 
2026-06-13 16:55:44.995906000 [INFO ] [ctrl   ] parsed_nginx_out enter draining state
2026-06-13 16:55:45.178209000 [INFO ] [ctrl   ] parsed_nginx_out drain complete
2026-06-13 16:55:45.178342000 [INFO ] [ctrl   ] monitor recv cmd: CtrlCmd::Alone
2026-06-13 16:55:45.178362000 [INFO ] [ctrl   ] monitor update cmd: CtrlCmd::Alone 
2026-06-13 16:55:45.187003000 [INFO ] [ctrl   ] parsed_nginx_out async sinks proc end
2026-06-13 16:55:45.187220000 [INFO ] [ctrl   ] oml-sink group routines end
2026-06-13 16:55:45.187251000 [INFO ] [ctrl   ] role group Sink(oml-sink) await end!
2026-06-13 16:55:45.187270000 [INFO ] [ctrl   ] infra broadcast cmd :Stop(Immediate) 
2026-06-13 16:55:45.187294000 [INFO ] [ctrl   ] infra group routines [0] wait... 
2026-06-13 16:55:45.187313000 [INFO ] [ctrl   ] infra sinks  update cmd: CtrlCmd::Stop(StopNow) 
2026-06-13 16:55:45.187328000 [INFO ] [ctrl   ] routine cmd stop 
2026-06-13 16:55:45.187339000 [INFO ] [ctrl   ] infra sinks enter draining state
2026-06-13 16:55:45.187358000 [INFO ] [ctrl   ] infra sinks drain complete
2026-06-13 16:55:45.191569000 [INFO ] [ctrl   ] infra:default async sinks proc end
2026-06-13 16:55:45.195409000 [INFO ] [ctrl   ] infra:miss async sinks proc end
2026-06-13 16:55:45.202064000 [INFO ] [ctrl   ] infra:residue async sinks proc end
2026-06-13 16:55:45.206387000 [INFO ] [ctrl   ] infra:monitor async sinks proc end
2026-06-13 16:55:45.210542000 [INFO ] [ctrl   ] infra:error async sinks proc end
2026-06-13 16:55:45.210702000 [INFO ] [ctrl   ] infra group routines end
2026-06-13 16:55:45.210725000 [INFO ] [ctrl   ] role group Infra(infra) await end!
2026-06-13 16:55:45.210741000 [INFO ] [ctrl   ] monitor broadcast cmd :Stop(Immediate) 
2026-06-13 16:55:45.210762000 [INFO ] [ctrl   ] monitor group routines [0] wait... 
2026-06-13 16:55:45.210782000 [INFO ] [ctrl   ] monitor recv cmd: CtrlCmd::Stop(StopNow)
2026-06-13 16:55:45.210816000 [INFO ] [ctrl   ] monitor update cmd: CtrlCmd::Stop(StopNow) 
2026-06-13 16:55:45.210833000 [INFO ] [ctrl   ] routine cmd stop 
2026-06-13 16:55:45.313617000 [INFO ] [ctrl   ] monitor proc end (total_events=33)
2026-06-13 16:55:45.315278000 [INFO ] [ctrl   ] monitor group routines end
2026-06-13 16:55:45.315319000 [INFO ] [ctrl   ] role group Monitor(monitor) await end!
2026-06-13 16:55:45.315338000 [INFO ] [ctrl   ] all role groups await end!
2026-06-13 16:56:25.716406000 [INFO ] [ctrl   ] log conf: level: warn,ctrl=info,data=error,matrc=error,dfx=warn,kdb=warn
output: File
path: Some("./data/logs/")
 
2026-06-13 16:56:25.716543000 [WARN ] [wp_core_connectors::registry] duplicate sink factory registration ignored: kind='blackhole' existing=/Users/zuowenjian/devspace/rust/wparse/wp-motor/src/sinks/builtin_factories.rs:9 new=/Users/zuowenjian/devspace/rust/wparse/wp-motor/src/sinks/builtin_factories.rs:9
2026-06-13 16:56:25.716568000 [WARN ] [wp_core_connectors::registry] duplicate sink factory registration ignored: kind='file' existing=/Users/zuowenjian/devspace/rust/wparse/wp-motor/src/sinks/builtin_factories.rs:10 new=/Users/zuowenjian/devspace/rust/wparse/wp-motor/src/sinks/builtin_factories.rs:10
2026-06-13 16:56:25.716590000 [WARN ] [wp_core_connectors::registry] duplicate sink factory registration ignored: kind='syslog' existing=/Users/zuowenjian/devspace/rust/wparse/wp-motor/src/sinks/builtin_factories.rs:11 new=/Users/zuowenjian/devspace/rust/wparse/wp-motor/src/sinks/builtin_factories.rs:11
2026-06-13 16:56:25.716614000 [WARN ] [wp_core_connectors::registry] duplicate sink factory registration ignored: kind='tcp' existing=/Users/zuowenjian/devspace/rust/wparse/wp-motor/src/sinks/builtin_factories.rs:12 new=/Users/zuowenjian/devspace/rust/wparse/wp-motor/src/sinks/builtin_factories.rs:12
2026-06-13 16:56:25.716633000 [WARN ] [wp_core_connectors::registry] duplicate sink factory registration ignored: kind='test_rescue' existing=/Users/zuowenjian/devspace/rust/wparse/wp-motor/src/sinks/builtin_factories.rs:13 new=/Users/zuowenjian/devspace/rust/wparse/wp-motor/src/sinks/builtin_factories.rs:13
2026-06-13 16:56:25.716651000 [WARN ] [wp_core_connectors::registry] duplicate source factory registration ignored: kind='syslog' existing=/Users/zuowenjian/.cargo/registry/src/index.crates.io-1949cf8c6b5b557f/wp-core-connectors-0.5.0/src/sources/syslog/mod.rs:48 new=/Users/zuowenjian/.cargo/registry/src/index.crates.io-1949cf8c6b5b557f/wp-core-connectors-0.5.0/src/sources/syslog/mod.rs:48
2026-06-13 16:56:25.716674000 [WARN ] [wp_core_connectors::registry] duplicate source factory registration ignored: kind='file' existing=/Users/zuowenjian/.cargo/registry/src/index.crates.io-1949cf8c6b5b557f/wp-core-connectors-0.5.0/src/sources/file/factory.rs:230 new=/Users/zuowenjian/.cargo/registry/src/index.crates.io-1949cf8c6b5b557f/wp-core-connectors-0.5.0/src/sources/file/factory.rs:230
2026-06-13 16:56:25.716735000 [INFO ] [ctrl   ] version 0.25.0 (branch alpha, commit 59ceed3e, built 2026-06-13T15:48:34.416602+08:00 via rustc 1.95.0 (59807616e 2026-04-14))
2026-06-13 16:56:25.716753000 [INFO ] [ctrl   ] enterprise control plane disabled (feature 'enterprise-backend' not enabled)
2026-06-13 16:56:25.717043000 [INFO ] [ctrl   ] build engine with run_mode=Batch, parallel=2, line_max=Some(5000)
2026-06-13 16:56:25.717233000 [INFO ] [ctrl   ] semantic dict: 语义词典配置有效: /Users/zuowenjian/devspace/rust/user-wp/wp-examples/wp-pipeline/demo/wparse/models/knowledge/semantic_dict.toml | 模式: ADD（扩展内置词典） | 词汇数: 0
2026-06-13 16:56:25.717654000 [WARN ] [conf   ] vars not value : SEC_PWD
2026-06-13 16:56:25.720257000 [INFO ] [ctrl   ] suc! doing=load table to kdb: 
call context:
	table_dir : /Users/zuowenjian/devspace/rust/user-wp/wp-examples/wp-pipeline/demo/wparse/models/knowledge/./example
	data_path : /Users/zuowenjian/devspace/rust/user-wp/wp-examples/wp-pipeline/demo/wparse/models/knowledge/./example/data.csv

2026-06-13 16:56:25.720288000 [INFO ] [ctrl   ] load table /Users/zuowenjian/devspace/rust/user-wp/wp-examples/wp-pipeline/demo/wparse/models/knowledge/. suc!
2026-06-13 16:56:25.720427000 [WARN ] [conf   ] vars not value : SEC_PWD
2026-06-13 16:56:25.720557000 [WARN ] [conf   ] vars not value : SEC_PWD
2026-06-13 16:56:25.721633000 [INFO ] [ctrl   ] suc! doing=load table to kdb: 
call context:
	table_dir : /Users/zuowenjian/devspace/rust/user-wp/wp-examples/wp-pipeline/demo/wparse/models/knowledge/./example
	data_path : /Users/zuowenjian/devspace/rust/user-wp/wp-examples/wp-pipeline/demo/wparse/models/knowledge/./example/data.csv

2026-06-13 16:56:25.721647000 [INFO ] [ctrl   ] load table /Users/zuowenjian/devspace/rust/user-wp/wp-examples/wp-pipeline/demo/wparse/models/knowledge/. suc!
2026-06-13 16:56:25.721687000 [INFO ] [ctrl   ] init authority knowdb success(/Users/zuowenjian/devspace/rust/user-wp/wp-examples/wp-pipeline/demo/wparse/models/knowledge/knowdb.toml) 
2026-06-13 16:56:25.724345000 [WARN ] [ctrl   ] doing=validate sink conf: 
call context:
	name : default/[0]
	kind : file
: validate suc!
2026-06-13 16:56:25.724375000 [INFO ] [ctrl   ] suc! doing=validate sink conf: 
call context:
	name : default/[0]
	kind : file

2026-06-13 16:56:25.724404000 [WARN ] [ctrl   ] doing=validate sink conf: 
call context:
	name : error/[0]
	kind : file
: validate suc!
2026-06-13 16:56:25.724419000 [INFO ] [ctrl   ] suc! doing=validate sink conf: 
call context:
	name : error/[0]
	kind : file

2026-06-13 16:56:25.724441000 [WARN ] [ctrl   ] doing=validate sink conf: 
call context:
	name : miss/[0]
	kind : file
: validate suc!
2026-06-13 16:56:25.724454000 [INFO ] [ctrl   ] suc! doing=validate sink conf: 
call context:
	name : miss/[0]
	kind : file

2026-06-13 16:56:25.724476000 [WARN ] [ctrl   ] doing=validate sink conf: 
call context:
	name : monitor/[0]
	kind : file
: validate suc!
2026-06-13 16:56:25.724489000 [INFO ] [ctrl   ] suc! doing=validate sink conf: 
call context:
	name : monitor/[0]
	kind : file

2026-06-13 16:56:25.724509000 [WARN ] [ctrl   ] doing=validate sink conf: 
call context:
	name : residue/[0]
	kind : file
: validate suc!
2026-06-13 16:56:25.724522000 [INFO ] [ctrl   ] suc! doing=validate sink conf: 
call context:
	name : residue/[0]
	kind : file

2026-06-13 16:56:25.724942000 [INFO ] [ctrl   ] create sink:default/[0] batch_size=128
2026-06-13 16:56:25.725085000 [INFO ] [ctrl   ] create sink:residue/[0] batch_size=1
2026-06-13 16:56:25.725197000 [INFO ] [ctrl   ] create sink:miss/[0] batch_size=1
2026-06-13 16:56:25.725328000 [INFO ] [ctrl   ] create sink:error/[0] batch_size=1
2026-06-13 16:56:25.725474000 [INFO ] [ctrl   ] create sink:monitor/[0] batch_size=1
2026-06-13 16:56:25.726545000 [INFO ] [ctrl   ] load all wpl code beg...
2026-06-13 16:56:25.726571000 [INFO ] [ctrl   ] find conf files in: /Users/zuowenjian/devspace/rust/user-wp/wp-examples/wp-pipeline/demo/wparse/models/wpl
2026-06-13 16:56:25.726703000 [INFO ] [ctrl   ] load conf file: "/Users/zuowenjian/devspace/rust/user-wp/wp-examples/wp-pipeline/demo/wparse/models/wpl/parse.wpl"
2026-06-13 16:56:25.726894000 [INFO ] [ctrl   ] success load & parse code : "/Users/zuowenjian/devspace/rust/user-wp/wp-examples/wp-pipeline/demo/wparse/models/wpl/parse.wpl"
2026-06-13 16:56:25.726917000 [INFO ] [ctrl   ] load all wpl code end
2026-06-13 16:56:25.726935000 [INFO ] [ctrl   ] load all oml model
2026-06-13 16:56:25.726949000 [INFO ] [ctrl   ] find conf files in: /Users/zuowenjian/devspace/rust/user-wp/wp-examples/wp-pipeline/demo/wparse/models/oml
2026-06-13 16:56:25.727056000 [INFO ] [ctrl   ] load conf file: "/Users/zuowenjian/devspace/rust/user-wp/wp-examples/wp-pipeline/demo/wparse/models/oml/example.oml"
2026-06-13 16:56:25.729152000 [WARN ] [ctrl   ] doing=validate sink conf: 
call context:
	name : parsed_nginx_out/parsed_output
	kind : file
: validate suc!
2026-06-13 16:56:25.729202000 [INFO ] [ctrl   ] suc! doing=validate sink conf: 
call context:
	name : parsed_nginx_out/parsed_output
	kind : file

2026-06-13 16:56:25.729287000 [INFO ] [ctrl   ] update_sink_mdl_index, match oml nginx
2026-06-13 16:56:25.729325000 [INFO ] [ctrl   ] init SinkGroup: parsed_nginx_out
2026-06-13 16:56:25.729341000 [INFO ] [ctrl   ] alloc sink res : sink parsed_nginx_out 
2026-06-13 16:56:25.729355000 [INFO ] [ctrl   ] alloc sink res : sink parsed_nginx_out oml model: nginx
2026-06-13 16:56:25.729541000 [INFO ] [ctrl   ] create sink:parsed_nginx_out/parsed_output batch_size=1024
2026-06-13 16:56:25.729642000 [INFO ] [ctrl   ] alloc parse res : wpl rule /nginx//example  
2026-06-13 16:56:25.729658000 [INFO ] [ctrl   ] alloc parse res : rule /nginx//example  sink agent: parsed_nginx_out
2026-06-13 16:56:25.729861000 [INFO ] [ctrl   ] save data file suc : /Users/zuowenjian/devspace/rust/user-wp/wp-examples/wp-pipeline/demo/wparse/.run/rule_mapping.dat 
2026-06-13 16:56:25.729929000 [INFO ] [ctrl   ] start warp-service: run_mode=batch, parallel=2, line_max=Some(5000), reload_timeout_ms=10000
2026-06-13 16:56:25.729943000 [INFO ] [ctrl   ] semantic analysis: disabled
2026-06-13 16:56:25.729985000 [INFO ] [ctrl   ] 数据源配置统计: V2源=1个, 接受器(来自V2)=0个
2026-06-13 16:56:25.730021000 [INFO ] [ctrl   ] run-mode=batch: 跳过启动接受器任务
2026-06-13 16:56:25.730034000 [INFO ] [ctrl   ] monitor proc start: stat_sec=60, stat_print=true
2026-06-13 16:56:25.730149000 [INFO ] [ctrl   ] start 2 parallel to parse (frames)
2026-06-13 16:56:25.730195000 [INFO ] [ctrl   ] speed: unlimited (no wait)
2026-06-13 16:56:25.730212000 [INFO ] [ctrl   ] monitor loop started (stat_sec=60, stat_print=true)
2026-06-13 16:56:25.730245000 [INFO ] [ctrl   ] actor(wparse-parse) work start
2026-06-13 16:56:25.730352000 [INFO ] [ctrl   ] actor(wparse-parse) work start
2026-06-13 16:56:25.730459000 [INFO ] [ctrl   ] speed: unlimited (no wait)
2026-06-13 16:56:25.730475000 [WARN ] [ctrl   ] parse engine pipelin cnt: 1
2026-06-13 16:56:25.730490000 [INFO ] [ctrl   ] spawn tokio Sink Group parsed_nginx_out batch_size=1024 batch_timeout_ms=300
2026-06-13 16:56:25.730590000 [INFO ] [ctrl   ] speed: unlimited (no wait)
2026-06-13 16:56:25.730605000 [INFO ] [ctrl   ] speed: unlimited (no wait)
2026-06-13 16:56:25.730695000 [INFO ] [ctrl   ] speed: unlimited (no wait)
2026-06-13 16:56:25.730710000 [WARN ] [ctrl   ] parse engine pipelin cnt: 1
2026-06-13 16:56:25.730723000 [INFO ] [ctrl   ] speed: unlimited (no wait)
2026-06-13 16:56:25.831722000 [INFO ] [ctrl   ] 启动数据收集(Frame)： 1个数据源
2026-06-13 16:56:25.831792000 [INFO ] [ctrl   ] spawning picker for source 'file_1' (line_max=Some(5000), speed_limit=10000)
2026-06-13 16:56:25.831830000 [WARN ] [ctrl   ] engine started!
2026-06-13 16:56:25.831852000 [INFO ] [ctrl   ] 启动数据源 picker(Frame): file_1
2026-06-13 16:56:25.831875000 [INFO ] [ctrl   ] Starting data source 'file_1'
2026-06-13 16:56:25.831924000 [INFO ] [ctrl   ] Data source 'file_1' started (speed_limit=Some(10000), max_count=Some(5000))
2026-06-13 16:56:25.831970000 [INFO ] [ctrl   ] file_1-picker speed init 10000  limit ns times:1000000000,
2026-06-13 16:56:25.831983000 [WARN ] [ctrl   ] actor:file_1-picker 10000
2026-06-13 16:56:25.842778000 [INFO ] [ctrl   ] task controller hit max_line=5000 with total_count=6144
2026-06-13 16:56:25.842831000 [INFO ] [ctrl   ] file_1-picker reached processing limit (total_cnt=6144, line_max=Some(5000), max_count=Some(5000))
2026-06-13 16:56:25.842867000 [INFO ] [ctrl   ] Closing data source 'file_1'
2026-06-13 16:56:25.842883000 [INFO ] [ctrl   ] file_1-picker dispatch loop exited (max_line=Some(5000), total_pending=0 total_pending_bytes=0)
2026-06-13 16:56:25.842915000 [INFO ] [ctrl   ] 数据源 'file_1' picker 正常结束
2026-06-13 16:56:25.843639000 [INFO ] [ctrl   ] exit-policy Batch: enter quiescing (trigger=RoleFinished(Picker))
2026-06-13 16:56:25.944649000 [INFO ] [ctrl   ] data channel closed; parser loop exits
2026-06-13 16:56:25.944720000 [INFO ] [ctrl   ] engine proc frames end: total 3072
2026-06-13 16:56:25.944752000 [INFO ] [ctrl   ] actor(wparse-parse) work end
2026-06-13 16:56:25.946243000 [INFO ] [ctrl   ] data channel closed; parser loop exits
2026-06-13 16:56:25.946264000 [INFO ] [ctrl   ] engine proc frames end: total 3072
2026-06-13 16:56:25.946289000 [INFO ] [ctrl   ] actor(wparse-parse) work end
2026-06-13 16:56:25.951680000 [INFO ] [ctrl   ] exit-policy Batch: enter stopping (trigger=RoleFinished(Parser))
2026-06-13 16:56:25.951765000 [INFO ] [ctrl   ] picker broadcast cmd :Isolate
2026-06-13 16:56:25.951802000 [INFO ] [ctrl   ] wpl-parse broadcast cmd :Isolate
2026-06-13 16:56:25.951821000 [INFO ] [ctrl   ] amt broadcast cmd :Isolate
2026-06-13 16:56:25.951837000 [INFO ] [ctrl   ] oml-sink broadcast cmd :Isolate
2026-06-13 16:56:25.951863000 [INFO ] [ctrl   ] infra broadcast cmd :Isolate
2026-06-13 16:56:25.951885000 [INFO ] [ctrl   ] monitor broadcast cmd :Isolate
2026-06-13 16:56:25.951905000 [INFO ] [ctrl   ] infra sinks  update cmd: CtrlCmd::Alone 
2026-06-13 16:56:25.951939000 [INFO ] [ctrl   ] picker broadcast cmd :Stop(Immediate) 
2026-06-13 16:56:25.951958000 [INFO ] [ctrl   ] monitor recv cmd: CtrlCmd::Alone
2026-06-13 16:56:25.951991000 [INFO ] [ctrl   ] monitor update cmd: CtrlCmd::Alone 
2026-06-13 16:56:25.952010000 [INFO ] [ctrl   ] picker group routines end
2026-06-13 16:56:25.952045000 [INFO ] [ctrl   ] role group Picker(picker) await end!
2026-06-13 16:56:25.952068000 [INFO ] [ctrl   ] wpl-parse broadcast cmd :Stop(Immediate) 
2026-06-13 16:56:25.952084000 [INFO ] [ctrl   ] wpl-parse group routines end
2026-06-13 16:56:25.952096000 [INFO ] [ctrl   ] role group Parser(wpl-parse) await end!
2026-06-13 16:56:25.952106000 [INFO ] [ctrl   ] amt broadcast cmd :Stop(Immediate) 
2026-06-13 16:56:25.952117000 [INFO ] [ctrl   ] amt group routines [0] wait... 
2026-06-13 16:56:25.957547000 [INFO ] [ctrl   ] work-sink:parsed_nginx_out     update cmd: CtrlCmd::Alone 
2026-06-13 16:56:25.964018000 [INFO ] [ctrl   ] maintainer Recv cmd : Isolate
2026-06-13 16:56:25.987422000 [INFO ] [ctrl   ] maintainer Recv cmd : Stop(Immediate)
2026-06-13 16:56:25.987470000 [INFO ] [ctrl   ] routine cmd stop 
2026-06-13 16:56:25.987518000 [INFO ] [ctrl   ] amt group routines end
2026-06-13 16:56:25.987537000 [INFO ] [ctrl   ] role group Maintainer(amt) await end!
2026-06-13 16:56:25.987553000 [INFO ] [ctrl   ] oml-sink broadcast cmd :Stop(Immediate) 
2026-06-13 16:56:25.987568000 [INFO ] [ctrl   ] oml-sink group routines [0] wait... 
2026-06-13 16:56:25.994726000 [INFO ] [ctrl   ] work-sink:parsed_nginx_out     update cmd: CtrlCmd::Stop(StopNow) 
2026-06-13 16:56:25.994759000 [INFO ] [ctrl   ] routine cmd stop 
2026-06-13 16:56:25.994769000 [INFO ] [ctrl   ] parsed_nginx_out enter draining state
2026-06-13 16:56:26.088339000 [INFO ] [ctrl   ] parsed_nginx_out drain complete
2026-06-13 16:56:26.111131000 [INFO ] [ctrl   ] parsed_nginx_out async sinks proc end
2026-06-13 16:56:26.111298000 [INFO ] [ctrl   ] oml-sink group routines end
2026-06-13 16:56:26.111330000 [INFO ] [ctrl   ] role group Sink(oml-sink) await end!
2026-06-13 16:56:26.111351000 [INFO ] [ctrl   ] infra broadcast cmd :Stop(Immediate) 
2026-06-13 16:56:26.111376000 [INFO ] [ctrl   ] infra group routines [0] wait... 
2026-06-13 16:56:26.111390000 [INFO ] [ctrl   ] infra sinks  update cmd: CtrlCmd::Stop(StopNow) 
2026-06-13 16:56:26.111408000 [INFO ] [ctrl   ] routine cmd stop 
2026-06-13 16:56:26.111422000 [INFO ] [ctrl   ] infra sinks enter draining state
2026-06-13 16:56:26.111443000 [INFO ] [ctrl   ] infra sinks drain complete
2026-06-13 16:56:26.118414000 [INFO ] [ctrl   ] infra:default async sinks proc end
2026-06-13 16:56:26.123414000 [INFO ] [ctrl   ] infra:miss async sinks proc end
2026-06-13 16:56:26.129489000 [INFO ] [ctrl   ] infra:residue async sinks proc end
2026-06-13 16:56:26.133346000 [INFO ] [ctrl   ] infra:monitor async sinks proc end
2026-06-13 16:56:26.137386000 [INFO ] [ctrl   ] infra:error async sinks proc end
2026-06-13 16:56:26.137532000 [INFO ] [ctrl   ] infra group routines end
2026-06-13 16:56:26.137554000 [INFO ] [ctrl   ] role group Infra(infra) await end!
2026-06-13 16:56:26.137571000 [INFO ] [ctrl   ] monitor broadcast cmd :Stop(Immediate) 
2026-06-13 16:56:26.137594000 [INFO ] [ctrl   ] monitor group routines [0] wait... 
2026-06-13 16:56:26.137607000 [INFO ] [ctrl   ] monitor recv cmd: CtrlCmd::Stop(StopNow)
2026-06-13 16:56:26.137624000 [INFO ] [ctrl   ] monitor update cmd: CtrlCmd::Stop(StopNow) 
2026-06-13 16:56:26.137636000 [INFO ] [ctrl   ] routine cmd stop 
2026-06-13 16:56:26.239768000 [INFO ] [ctrl   ] monitor proc end (total_events=26)
2026-06-13 16:56:26.241256000 [INFO ] [ctrl   ] monitor group routines end
2026-06-13 16:56:26.241295000 [INFO ] [ctrl   ] role group Monitor(monitor) await end!
2026-06-13 16:56:26.241308000 [INFO ] [ctrl   ] all role groups await end!
