2026-06-13 16:47:54.553710000 [INFO ] [ctrl   ] wpgen out sink resolved: kind=file, params={"base": String("data/in_dat"), "file": String("gen.dat"), "fmt": String("json"), "sync": Bool(false)}
2026-06-13 16:47:54.555384000 [INFO ] [ctrl   ] wpgen.sample: rule_root='./models/wpl', find_name='sample.dat', parallel=1, total_line=Some(5000), gen_speed=1000, stat_sec=1, env: WF_GEN_BATCH=(unset), WF_GEN_UNIT_SIZE=(unset)
2026-06-13 16:47:54.555572000 [INFO ] [ctrl   ] run_sample_direct: rule_root='./models/wpl', find_name='sample.dat', parallel=1, total_line=Some(5000)
2026-06-13 16:47:54.555645000 [INFO ] [ctrl   ] find conf files in: ./models/wpl
2026-06-13 16:47:54.555974000 [INFO ] [ctrl   ] run_sample_direct: found 1 files
2026-06-13 16:47:54.557510000 [INFO ] [ctrl   ] run_sample_direct: loaded 1 sample lines
2026-06-13 16:47:54.557825000 [INFO ] [ctrl   ] run_sample_direct: speed_profile=Constant(1000), base_speed=1000
2026-06-13 16:47:54.559070000 [INFO ] [ctrl   ] monitor proc start: stat_sec=1, stat_print=false
2026-06-13 16:47:54.559490000 [INFO ] [ctrl   ] speed: unlimited (no wait)
2026-06-13 16:47:54.559513000 [INFO ] [ctrl   ] monitor loop started (stat_sec=1, stat_print=false)
2026-06-13 16:47:54.559756000 [INFO ] [orion_error::core::context] suc! doing=build-sink-instance: 
call context:
	sink_name : gen_out
	sink_kind : file

2026-06-13 16:47:54.559779000 [INFO ] [ctrl   ] run_sample_direct: spawn pipeline 0 (shared_total=Some(5000))
2026-06-13 16:47:55.576726000 [INFO ] [mtrc   ] mem: rss=22.1 MiB
2026-06-13 16:47:56.577101000 [INFO ] [mtrc   ] mem: rss=22.2 MiB
2026-06-13 16:47:57.577407000 [INFO ] [mtrc   ] mem: rss=22.2 MiB
2026-06-13 16:47:58.576798000 [INFO ] [mtrc   ] mem: rss=22.2 MiB
2026-06-13 16:47:59.364192000 [INFO ] [ctrl   ] run_sample_direct: all pipelines finished
2026-06-13 16:47:59.364251000 [INFO ] [ctrl   ] run_sample_direct: summary generated=5000 lines, elapsed=4805 ms, parallel=1 
2026-06-13 16:47:59.576789000 [INFO ] [mtrc   ] mem: rss=22.3 MiB
2026-06-13 16:48:00.577354000 [INFO ] [mtrc   ] mem: rss=22.3 MiB
2026-06-13 16:48:01.366394000 [INFO ] [ctrl   ] wpgen.sample: completed
2026-06-13 16:53:58.787774000 [INFO ] [ctrl   ] wpgen out sink resolved: kind=file, params={"base": String("data/in_dat"), "file": String("gen.dat"), "fmt": String("json"), "sync": Bool(false)}
2026-06-13 16:53:58.787903000 [INFO ] [ctrl   ] wpgen.sample: rule_root='./models/wpl', find_name='sample.dat', parallel=1, total_line=Some(5000), gen_speed=1000, stat_sec=1, env: WF_GEN_BATCH=(unset), WF_GEN_UNIT_SIZE=(unset)
2026-06-13 16:53:58.787932000 [INFO ] [ctrl   ] run_sample_direct: rule_root='./models/wpl', find_name='sample.dat', parallel=1, total_line=Some(5000)
2026-06-13 16:53:58.787946000 [INFO ] [ctrl   ] find conf files in: ./models/wpl
2026-06-13 16:53:58.788026000 [INFO ] [ctrl   ] run_sample_direct: found 1 files
2026-06-13 16:53:58.788081000 [INFO ] [ctrl   ] run_sample_direct: loaded 1 sample lines
2026-06-13 16:53:58.788094000 [INFO ] [ctrl   ] run_sample_direct: speed_profile=Constant(1000), base_speed=1000
2026-06-13 16:53:58.788194000 [INFO ] [ctrl   ] monitor proc start: stat_sec=1, stat_print=false
2026-06-13 16:53:58.788288000 [INFO ] [ctrl   ] speed: unlimited (no wait)
2026-06-13 16:53:58.788311000 [INFO ] [orion_error::core::context] suc! doing=build-sink-instance: 
call context:
	sink_name : gen_out
	sink_kind : file

2026-06-13 16:53:58.788333000 [INFO ] [ctrl   ] run_sample_direct: spawn pipeline 0 (shared_total=Some(5000))
2026-06-13 16:53:58.788352000 [INFO ] [ctrl   ] monitor loop started (stat_sec=1, stat_print=false)
2026-06-13 16:53:59.806327000 [INFO ] [mtrc   ] mem: rss=22.2 MiB
2026-06-13 16:54:00.807254000 [INFO ] [mtrc   ] mem: rss=22.2 MiB
2026-06-13 16:54:01.806461000 [INFO ] [mtrc   ] mem: rss=22.2 MiB
2026-06-13 16:54:02.806234000 [INFO ] [mtrc   ] mem: rss=22.2 MiB
2026-06-13 16:54:03.592512000 [INFO ] [ctrl   ] run_sample_direct: all pipelines finished
2026-06-13 16:54:03.592579000 [INFO ] [ctrl   ] run_sample_direct: summary generated=5000 lines, elapsed=4804 ms, parallel=1 
2026-06-13 16:54:03.805324000 [INFO ] [mtrc   ] mem: rss=22.3 MiB
2026-06-13 16:54:04.808298000 [INFO ] [mtrc   ] mem: rss=22.3 MiB
2026-06-13 16:54:05.593313000 [INFO ] [ctrl   ] wpgen.sample: completed
2026-06-13 16:55:27.435780000 [INFO ] [ctrl   ] wpgen out sink resolved: kind=file, params={"base": String("data/in_dat"), "file": String("gen.dat"), "fmt": String("json"), "sync": Bool(false)}
2026-06-13 16:55:27.435907000 [INFO ] [ctrl   ] wpgen.sample: rule_root='./models/wpl', find_name='sample.dat', parallel=1, total_line=Some(5000), gen_speed=1000, stat_sec=1, env: WF_GEN_BATCH=(unset), WF_GEN_UNIT_SIZE=(unset)
2026-06-13 16:55:27.435932000 [INFO ] [ctrl   ] run_sample_direct: rule_root='./models/wpl', find_name='sample.dat', parallel=1, total_line=Some(5000)
2026-06-13 16:55:27.435948000 [INFO ] [ctrl   ] find conf files in: ./models/wpl
2026-06-13 16:55:27.436034000 [INFO ] [ctrl   ] run_sample_direct: found 1 files
2026-06-13 16:55:27.436091000 [INFO ] [ctrl   ] run_sample_direct: loaded 1 sample lines
2026-06-13 16:55:27.436104000 [INFO ] [ctrl   ] run_sample_direct: speed_profile=Constant(1000), base_speed=1000
2026-06-13 16:55:27.436214000 [INFO ] [ctrl   ] monitor proc start: stat_sec=1, stat_print=false
2026-06-13 16:55:27.436429000 [INFO ] [orion_error::core::context] suc! doing=build-sink-instance: 
call context:
	sink_name : gen_out
	sink_kind : file

2026-06-13 16:55:27.436473000 [INFO ] [ctrl   ] run_sample_direct: spawn pipeline 0 (shared_total=Some(5000))
2026-06-13 16:55:27.436495000 [INFO ] [ctrl   ] speed: unlimited (no wait)
2026-06-13 16:55:27.436524000 [INFO ] [ctrl   ] monitor loop started (stat_sec=1, stat_print=false)
2026-06-13 16:55:28.454638000 [INFO ] [mtrc   ] mem: rss=22.1 MiB
2026-06-13 16:55:29.455056000 [INFO ] [mtrc   ] mem: rss=22.2 MiB
2026-06-13 16:55:30.454660000 [INFO ] [mtrc   ] mem: rss=22.2 MiB
2026-06-13 16:55:31.453035000 [INFO ] [mtrc   ] mem: rss=22.2 MiB
2026-06-13 16:55:32.240674000 [INFO ] [ctrl   ] run_sample_direct: all pipelines finished
2026-06-13 16:55:32.240754000 [INFO ] [ctrl   ] run_sample_direct: summary generated=5000 lines, elapsed=4804 ms, parallel=1 
2026-06-13 16:55:32.454492000 [INFO ] [mtrc   ] mem: rss=22.2 MiB
2026-06-13 16:55:33.453432000 [INFO ] [mtrc   ] mem: rss=22.2 MiB
2026-06-13 16:55:34.243001000 [INFO ] [ctrl   ] wpgen.sample: completed
2026-06-13 16:55:37.902857000 [INFO ] [ctrl   ] wpgen out sink resolved: kind=file, params={"base": String("data/in_dat"), "file": String("gen.dat"), "fmt": String("json"), "sync": Bool(false)}
2026-06-13 16:55:37.903029000 [INFO ] [ctrl   ] wpgen.sample: rule_root='./models/wpl', find_name='sample.dat', parallel=1, total_line=Some(5000), gen_speed=1000, stat_sec=1, env: WF_GEN_BATCH=(unset), WF_GEN_UNIT_SIZE=(unset)
2026-06-13 16:55:37.903062000 [INFO ] [ctrl   ] run_sample_direct: rule_root='./models/wpl', find_name='sample.dat', parallel=1, total_line=Some(5000)
2026-06-13 16:55:37.903081000 [INFO ] [ctrl   ] find conf files in: ./models/wpl
2026-06-13 16:55:37.903183000 [INFO ] [ctrl   ] run_sample_direct: found 1 files
2026-06-13 16:55:37.903255000 [INFO ] [ctrl   ] run_sample_direct: loaded 1 sample lines
2026-06-13 16:55:37.903272000 [INFO ] [ctrl   ] run_sample_direct: speed_profile=Constant(1000), base_speed=1000
2026-06-13 16:55:37.903455000 [INFO ] [ctrl   ] monitor proc start: stat_sec=1, stat_print=false
2026-06-13 16:55:37.903662000 [INFO ] [orion_error::core::context] suc! doing=build-sink-instance: 
call context:
	sink_name : gen_out
	sink_kind : file

2026-06-13 16:55:37.903707000 [INFO ] [ctrl   ] speed: unlimited (no wait)
2026-06-13 16:55:37.903738000 [INFO ] [ctrl   ] monitor loop started (stat_sec=1, stat_print=false)
2026-06-13 16:55:37.903766000 [INFO ] [ctrl   ] run_sample_direct: spawn pipeline 0 (shared_total=Some(5000))
2026-06-13 16:55:38.924665000 [INFO ] [mtrc   ] mem: rss=22.1 MiB
2026-06-13 16:55:39.926285000 [INFO ] [mtrc   ] mem: rss=22.2 MiB
2026-06-13 16:55:40.925948000 [INFO ] [mtrc   ] mem: rss=22.2 MiB
2026-06-13 16:55:41.925815000 [INFO ] [mtrc   ] mem: rss=22.2 MiB
2026-06-13 16:55:42.709787000 [INFO ] [ctrl   ] run_sample_direct: all pipelines finished
2026-06-13 16:55:42.709910000 [INFO ] [ctrl   ] run_sample_direct: summary generated=5000 lines, elapsed=4806 ms, parallel=1 
2026-06-13 16:55:42.925478000 [INFO ] [mtrc   ] mem: rss=22.3 MiB
2026-06-13 16:55:43.925635000 [INFO ] [mtrc   ] mem: rss=22.3 MiB
2026-06-13 16:55:44.711296000 [INFO ] [ctrl   ] wpgen.sample: completed
2026-06-13 16:56:18.892729000 [INFO ] [ctrl   ] wpgen out sink resolved: kind=file, params={"base": String("data/in_dat"), "file": String("gen.dat"), "fmt": String("json"), "sync": Bool(false)}
2026-06-13 16:56:18.892872000 [INFO ] [ctrl   ] wpgen.sample: rule_root='./models/wpl', find_name='sample.dat', parallel=1, total_line=Some(5000), gen_speed=1000, stat_sec=1, env: WF_GEN_BATCH=(unset), WF_GEN_UNIT_SIZE=(unset)
2026-06-13 16:56:18.892899000 [INFO ] [ctrl   ] run_sample_direct: rule_root='./models/wpl', find_name='sample.dat', parallel=1, total_line=Some(5000)
2026-06-13 16:56:18.892914000 [INFO ] [ctrl   ] find conf files in: ./models/wpl
2026-06-13 16:56:18.893000000 [INFO ] [ctrl   ] run_sample_direct: found 1 files
2026-06-13 16:56:18.893057000 [INFO ] [ctrl   ] run_sample_direct: loaded 1 sample lines
2026-06-13 16:56:18.893071000 [INFO ] [ctrl   ] run_sample_direct: speed_profile=Constant(1000), base_speed=1000
2026-06-13 16:56:18.893153000 [INFO ] [ctrl   ] monitor proc start: stat_sec=1, stat_print=false
2026-06-13 16:56:18.893245000 [INFO ] [ctrl   ] speed: unlimited (no wait)
2026-06-13 16:56:18.893264000 [INFO ] [orion_error::core::context] suc! doing=build-sink-instance: 
call context:
	sink_name : gen_out
	sink_kind : file

2026-06-13 16:56:18.893285000 [INFO ] [ctrl   ] run_sample_direct: spawn pipeline 0 (shared_total=Some(5000))
2026-06-13 16:56:18.893305000 [INFO ] [ctrl   ] monitor loop started (stat_sec=1, stat_print=false)
2026-06-13 16:56:19.910918000 [INFO ] [mtrc   ] mem: rss=22.1 MiB
2026-06-13 16:56:20.911061000 [INFO ] [mtrc   ] mem: rss=22.2 MiB
2026-06-13 16:56:21.911340000 [INFO ] [mtrc   ] mem: rss=22.3 MiB
2026-06-13 16:56:22.911824000 [INFO ] [mtrc   ] mem: rss=22.3 MiB
2026-06-13 16:56:23.698304000 [INFO ] [ctrl   ] run_sample_direct: all pipelines finished
2026-06-13 16:56:23.698381000 [INFO ] [ctrl   ] run_sample_direct: summary generated=5000 lines, elapsed=4805 ms, parallel=1 
2026-06-13 16:56:23.911868000 [INFO ] [mtrc   ] mem: rss=22.4 MiB
2026-06-13 16:56:24.911204000 [INFO ] [mtrc   ] mem: rss=22.4 MiB
2026-06-13 16:56:25.700364000 [INFO ] [ctrl   ] wpgen.sample: completed
