2026-06-13 01:16:53.338346000 [INFO ] [ctrl   ] log conf: level: warn,ctrl=info,data=error,matrc=error,dfx=warn,kdb=warn
output: File
path: Some("./data/logs/")
 
2026-06-13 01:16:53.338517000 [WARN ] [wp_core_connectors::registry] duplicate sink factory registration ignored: kind='blackhole' existing=/Users/zuowenjian/devspace/rust/wparse/wp-motor/src/sinks/builtin_factories.rs:9 new=/Users/zuowenjian/devspace/rust/wparse/wp-motor/src/sinks/builtin_factories.rs:9
2026-06-13 01:16:53.338548000 [WARN ] [wp_core_connectors::registry] duplicate sink factory registration ignored: kind='file' existing=/Users/zuowenjian/devspace/rust/wparse/wp-motor/src/sinks/builtin_factories.rs:10 new=/Users/zuowenjian/devspace/rust/wparse/wp-motor/src/sinks/builtin_factories.rs:10
2026-06-13 01:16:53.338573000 [WARN ] [wp_core_connectors::registry] duplicate sink factory registration ignored: kind='syslog' existing=/Users/zuowenjian/devspace/rust/wparse/wp-motor/src/sinks/builtin_factories.rs:11 new=/Users/zuowenjian/devspace/rust/wparse/wp-motor/src/sinks/builtin_factories.rs:11
2026-06-13 01:16:53.338598000 [WARN ] [wp_core_connectors::registry] duplicate sink factory registration ignored: kind='tcp' existing=/Users/zuowenjian/devspace/rust/wparse/wp-motor/src/sinks/builtin_factories.rs:12 new=/Users/zuowenjian/devspace/rust/wparse/wp-motor/src/sinks/builtin_factories.rs:12
2026-06-13 01:16:53.338619000 [WARN ] [wp_core_connectors::registry] duplicate sink factory registration ignored: kind='test_rescue' existing=/Users/zuowenjian/devspace/rust/wparse/wp-motor/src/sinks/builtin_factories.rs:13 new=/Users/zuowenjian/devspace/rust/wparse/wp-motor/src/sinks/builtin_factories.rs:13
2026-06-13 01:16:53.338639000 [WARN ] [wp_core_connectors::registry] duplicate source factory registration ignored: kind='syslog' existing=/Users/zuowenjian/.cargo/registry/src/index.crates.io-1949cf8c6b5b557f/wp-core-connectors-0.3.3/src/sources/syslog/mod.rs:48 new=/Users/zuowenjian/.cargo/registry/src/index.crates.io-1949cf8c6b5b557f/wp-core-connectors-0.3.3/src/sources/syslog/mod.rs:48
2026-06-13 01:16:53.338665000 [WARN ] [wp_core_connectors::registry] duplicate source factory registration ignored: kind='file' existing=/Users/zuowenjian/.cargo/registry/src/index.crates.io-1949cf8c6b5b557f/wp-core-connectors-0.3.3/src/sources/file/factory.rs:230 new=/Users/zuowenjian/.cargo/registry/src/index.crates.io-1949cf8c6b5b557f/wp-core-connectors-0.3.3/src/sources/file/factory.rs:230
2026-06-13 01:16:53.338726000 [INFO ] [ctrl   ] version 0.25.0 (branch alpha, commit 59ceed3e, built 2026-06-13T01:02:43+08:00 via rustc 1.95.0 (59807616e 2026-04-14))
2026-06-13 01:16:53.338744000 [INFO ] [ctrl   ] enterprise control plane disabled (feature 'enterprise-backend' not enabled)
2026-06-13 01:16:53.339175000 [INFO ] [ctrl   ] build engine with run_mode=Batch, parallel=2, line_max=Some(100)
2026-06-13 01:16:53.339240000 [INFO ] [ctrl   ] semantic dict: use builtin (missing or disabled external config)
2026-06-13 01:16:53.342956000 [INFO ] [ctrl   ] suc! doing=load table to kdb: 
call context:
	table_dir : /Users/zuowenjian/devspace/rust/user-wp/wp-examples/wp-pipeline/demo/models/knowledge/./example
	data_path : /Users/zuowenjian/devspace/rust/user-wp/wp-examples/wp-pipeline/demo/models/knowledge/./example/data.csv

2026-06-13 01:16:53.343023000 [INFO ] [ctrl   ] load table /Users/zuowenjian/devspace/rust/user-wp/wp-examples/wp-pipeline/demo/models/knowledge/. suc!
2026-06-13 01:16:53.344722000 [INFO ] [ctrl   ] suc! doing=load table to kdb: 
call context:
	table_dir : /Users/zuowenjian/devspace/rust/user-wp/wp-examples/wp-pipeline/demo/models/knowledge/./example
	data_path : /Users/zuowenjian/devspace/rust/user-wp/wp-examples/wp-pipeline/demo/models/knowledge/./example/data.csv

2026-06-13 01:16:53.344758000 [INFO ] [ctrl   ] load table /Users/zuowenjian/devspace/rust/user-wp/wp-examples/wp-pipeline/demo/models/knowledge/. suc!
2026-06-13 01:16:53.344825000 [INFO ] [ctrl   ] init authority knowdb success(/Users/zuowenjian/devspace/rust/user-wp/wp-examples/wp-pipeline/demo/models/knowledge/knowdb.toml) 
2026-06-13 01:16:53.346592000 [ERROR] [orion_error::core::context] fail! doing=load object from toml file with env: 
call context:
	from path : /Users/zuowenjian/devspace/rust/user-wp/wp-examples/wp-pipeline/demo/topology/sinks/defaults.toml

2026-06-13 01:16:53.346700000 [ERROR] [orion_error::core::context] fail! doing=load-engine-res
