2026-06-13 09:20:57.890860000 [INFO ] [ctrl   ] wpgen out sink resolved: kind=file, params={"base": String("data/in_dat"), "file": String("gen.dat"), "fmt": String("json"), "sync": Bool(false)}
2026-06-13 09:20:57.891032000 [INFO ] [ctrl   ] wpgen.sample: rule_root='./models/wpl', find_name='sample.dat', parallel=1, total_line=Some(5000), gen_speed=1000, stat_sec=1, env: WF_GEN_BATCH=(unset), WF_GEN_UNIT_SIZE=(unset)
2026-06-13 09:20:57.891067000 [INFO ] [ctrl   ] run_sample_direct: rule_root='./models/wpl', find_name='sample.dat', parallel=1, total_line=Some(5000)
2026-06-13 09:20:57.891089000 [INFO ] [ctrl   ] find conf files in: ./models/wpl
2026-06-13 09:20:57.891195000 [INFO ] [ctrl   ] run_sample_direct: found 1 files
2026-06-13 09:20:57.891267000 [INFO ] [ctrl   ] run_sample_direct: loaded 1 sample lines
2026-06-13 09:20:57.891285000 [INFO ] [ctrl   ] run_sample_direct: speed_profile=Constant(1000), base_speed=1000
2026-06-13 09:20:57.891403000 [INFO ] [ctrl   ] monitor proc start: stat_sec=1, stat_print=false
2026-06-13 09:20:57.891529000 [INFO ] [ctrl   ] speed: unlimited (no wait)
2026-06-13 09:20:57.891548000 [INFO ] [ctrl   ] monitor loop started (stat_sec=1, stat_print=false)
2026-06-13 09:20:57.891601000 [INFO ] [orion_error::core::context] suc! doing=build-sink-instance: 
call context:
	sink_name : gen_out
	sink_kind : file

2026-06-13 09:20:57.891622000 [INFO ] [ctrl   ] run_sample_direct: spawn pipeline 0 (shared_total=Some(5000))
2026-06-13 09:20:58.913049000 [INFO ] [mtrc   ] mem: rss=22.5 MiB
2026-06-13 09:20:59.913905000 [INFO ] [mtrc   ] mem: rss=22.5 MiB
2026-06-13 09:21:00.913382000 [INFO ] [mtrc   ] mem: rss=22.5 MiB
2026-06-13 09:21:01.914253000 [INFO ] [mtrc   ] mem: rss=22.5 MiB
2026-06-13 09:21:02.697653000 [INFO ] [ctrl   ] run_sample_direct: all pipelines finished
2026-06-13 09:21:02.697762000 [INFO ] [ctrl   ] run_sample_direct: summary generated=5000 lines, elapsed=4806 ms, parallel=1 
2026-06-13 09:21:02.913655000 [INFO ] [mtrc   ] mem: rss=22.7 MiB
2026-06-13 09:21:03.914222000 [INFO ] [mtrc   ] mem: rss=22.7 MiB
2026-06-13 09:21:04.699546000 [INFO ] [ctrl   ] wpgen.sample: completed
2026-06-13 09:56:08.048934000 [INFO ] [ctrl   ] wpgen out sink resolved: kind=file, params={"base": String("data/in_dat"), "file": String("gen.dat"), "fmt": String("json"), "sync": Bool(false)}
2026-06-13 09:56:08.050829000 [INFO ] [ctrl   ] wpgen.sample: rule_root='./models/wpl', find_name='sample.dat', parallel=1, total_line=Some(3000), gen_speed=1000, stat_sec=1, env: WF_GEN_BATCH=(unset), WF_GEN_UNIT_SIZE=(unset)
2026-06-13 09:56:08.051037000 [INFO ] [ctrl   ] run_sample_direct: rule_root='./models/wpl', find_name='sample.dat', parallel=1, total_line=Some(3000)
2026-06-13 09:56:08.051489000 [INFO ] [ctrl   ] find conf files in: ./models/wpl
2026-06-13 09:56:08.052448000 [INFO ] [ctrl   ] run_sample_direct: found 1 files
2026-06-13 09:56:08.054168000 [INFO ] [ctrl   ] run_sample_direct: loaded 1 sample lines
2026-06-13 09:56:08.054205000 [INFO ] [ctrl   ] run_sample_direct: speed_profile=Constant(1000), base_speed=1000
2026-06-13 09:56:08.055940000 [INFO ] [ctrl   ] monitor proc start: stat_sec=1, stat_print=false
2026-06-13 09:56:08.056181000 [INFO ] [ctrl   ] speed: unlimited (no wait)
2026-06-13 09:56:08.056199000 [INFO ] [ctrl   ] monitor loop started (stat_sec=1, stat_print=false)
2026-06-13 09:56:08.056664000 [INFO ] [orion_error::core::context] suc! doing=build-sink-instance: 
call context:
	sink_name : gen_out
	sink_kind : file

2026-06-13 09:56:08.056697000 [INFO ] [ctrl   ] run_sample_direct: spawn pipeline 0 (shared_total=Some(3000))
2026-06-13 09:56:09.075913000 [INFO ] [mtrc   ] mem: rss=22.3 MiB
2026-06-13 09:56:10.076679000 [INFO ] [mtrc   ] mem: rss=22.3 MiB
2026-06-13 09:56:10.861918000 [INFO ] [ctrl   ] run_sample_direct: all pipelines finished
2026-06-13 09:56:10.862251000 [INFO ] [ctrl   ] run_sample_direct: summary generated=3000 lines, elapsed=2806 ms, parallel=1 
2026-06-13 09:56:11.077103000 [INFO ] [mtrc   ] mem: rss=22.5 MiB
2026-06-13 09:56:12.076295000 [INFO ] [mtrc   ] mem: rss=22.5 MiB
2026-06-13 09:56:12.864476000 [INFO ] [ctrl   ] wpgen.sample: completed
2026-06-13 09:59:25.089897000 [INFO ] [ctrl   ] wpgen out sink resolved: kind=file, params={"base": String("data/in_dat"), "file": String("gen.dat"), "fmt": String("json"), "sync": Bool(false)}
2026-06-13 09:59:25.091813000 [INFO ] [ctrl   ] wpgen.sample: rule_root='./models/wpl', find_name='sample.dat', parallel=1, total_line=Some(3000), gen_speed=1000, stat_sec=1, env: WF_GEN_BATCH=(unset), WF_GEN_UNIT_SIZE=(unset)
2026-06-13 09:59:25.091972000 [INFO ] [ctrl   ] run_sample_direct: rule_root='./models/wpl', find_name='sample.dat', parallel=1, total_line=Some(3000)
2026-06-13 09:59:25.092424000 [INFO ] [ctrl   ] find conf files in: ./models/wpl
2026-06-13 09:59:25.093103000 [INFO ] [ctrl   ] run_sample_direct: found 1 files
2026-06-13 09:59:25.094739000 [INFO ] [ctrl   ] run_sample_direct: loaded 1 sample lines
2026-06-13 09:59:25.094752000 [INFO ] [ctrl   ] run_sample_direct: speed_profile=Constant(1000), base_speed=1000
2026-06-13 09:59:25.096156000 [INFO ] [ctrl   ] monitor proc start: stat_sec=1, stat_print=false
2026-06-13 09:59:25.096348000 [INFO ] [ctrl   ] speed: unlimited (no wait)
2026-06-13 09:59:25.096362000 [INFO ] [ctrl   ] monitor loop started (stat_sec=1, stat_print=false)
2026-06-13 09:59:25.096798000 [INFO ] [orion_error::core::context] suc! doing=build-sink-instance: 
call context:
	sink_name : gen_out
	sink_kind : file

2026-06-13 09:59:25.096826000 [INFO ] [ctrl   ] run_sample_direct: spawn pipeline 0 (shared_total=Some(3000))
2026-06-13 09:59:26.113401000 [INFO ] [mtrc   ] mem: rss=22.2 MiB
2026-06-13 09:59:27.113600000 [INFO ] [mtrc   ] mem: rss=22.3 MiB
2026-06-13 09:59:27.901993000 [INFO ] [ctrl   ] run_sample_direct: all pipelines finished
2026-06-13 09:59:27.902302000 [INFO ] [ctrl   ] run_sample_direct: summary generated=3000 lines, elapsed=2806 ms, parallel=1 
2026-06-13 09:59:28.114043000 [INFO ] [mtrc   ] mem: rss=22.5 MiB
2026-06-13 09:59:29.113343000 [INFO ] [mtrc   ] mem: rss=22.5 MiB
2026-06-13 09:59:29.906052000 [INFO ] [ctrl   ] wpgen.sample: completed
2026-06-13 10:01:47.971970000 [INFO ] [ctrl   ] wpgen out sink resolved: kind=file, params={"base": String("data/in_dat"), "file": String("gen.dat"), "fmt": String("json"), "sync": Bool(false)}
2026-06-13 10:01:47.974098000 [INFO ] [ctrl   ] wpgen.sample: rule_root='./models/wpl', find_name='sample.dat', parallel=1, total_line=Some(3000), gen_speed=1000, stat_sec=1, env: WF_GEN_BATCH=(unset), WF_GEN_UNIT_SIZE=(unset)
2026-06-13 10:01:47.974280000 [INFO ] [ctrl   ] run_sample_direct: rule_root='./models/wpl', find_name='sample.dat', parallel=1, total_line=Some(3000)
2026-06-13 10:01:47.974747000 [INFO ] [ctrl   ] find conf files in: ./models/wpl
2026-06-13 10:01:47.975434000 [INFO ] [ctrl   ] run_sample_direct: found 1 files
2026-06-13 10:01:47.977151000 [INFO ] [ctrl   ] run_sample_direct: loaded 1 sample lines
2026-06-13 10:01:47.977170000 [INFO ] [ctrl   ] run_sample_direct: speed_profile=Constant(1000), base_speed=1000
2026-06-13 10:01:47.978865000 [INFO ] [ctrl   ] monitor proc start: stat_sec=1, stat_print=false
2026-06-13 10:01:47.979340000 [INFO ] [ctrl   ] speed: unlimited (no wait)
2026-06-13 10:01:47.979372000 [INFO ] [ctrl   ] monitor loop started (stat_sec=1, stat_print=false)
2026-06-13 10:01:47.979755000 [INFO ] [orion_error::core::context] suc! doing=build-sink-instance: 
call context:
	sink_name : gen_out
	sink_kind : file

2026-06-13 10:01:47.979786000 [INFO ] [ctrl   ] run_sample_direct: spawn pipeline 0 (shared_total=Some(3000))
2026-06-13 10:01:48.998171000 [INFO ] [mtrc   ] mem: rss=22.2 MiB
2026-06-13 10:01:49.998154000 [INFO ] [mtrc   ] mem: rss=22.2 MiB
2026-06-13 10:01:50.785729000 [INFO ] [ctrl   ] run_sample_direct: all pipelines finished
2026-06-13 10:01:50.785993000 [INFO ] [ctrl   ] run_sample_direct: summary generated=3000 lines, elapsed=2807 ms, parallel=1 
2026-06-13 10:01:50.998548000 [INFO ] [mtrc   ] mem: rss=22.4 MiB
2026-06-13 10:01:51.997794000 [INFO ] [mtrc   ] mem: rss=22.4 MiB
2026-06-13 10:01:52.789134000 [INFO ] [ctrl   ] wpgen.sample: completed
2026-06-13 10:02:18.803758000 [INFO ] [ctrl   ] wpgen out sink resolved: kind=file, params={"base": String("data/in_dat"), "file": String("gen.dat"), "fmt": String("json"), "sync": Bool(false)}
2026-06-13 10:02:18.803922000 [INFO ] [ctrl   ] wpgen.sample: rule_root='./models/wpl', find_name='sample.dat', parallel=1, total_line=Some(3000), gen_speed=1000, stat_sec=1, env: WF_GEN_BATCH=(unset), WF_GEN_UNIT_SIZE=(unset)
2026-06-13 10:02:18.803953000 [INFO ] [ctrl   ] run_sample_direct: rule_root='./models/wpl', find_name='sample.dat', parallel=1, total_line=Some(3000)
2026-06-13 10:02:18.803972000 [INFO ] [ctrl   ] find conf files in: ./models/wpl
2026-06-13 10:02:18.804099000 [INFO ] [ctrl   ] run_sample_direct: found 1 files
2026-06-13 10:02:18.804171000 [INFO ] [ctrl   ] run_sample_direct: loaded 1 sample lines
2026-06-13 10:02:18.804186000 [INFO ] [ctrl   ] run_sample_direct: speed_profile=Constant(1000), base_speed=1000
2026-06-13 10:02:18.804283000 [INFO ] [ctrl   ] monitor proc start: stat_sec=1, stat_print=false
2026-06-13 10:02:18.804402000 [INFO ] [ctrl   ] speed: unlimited (no wait)
2026-06-13 10:02:18.804423000 [INFO ] [ctrl   ] monitor loop started (stat_sec=1, stat_print=false)
2026-06-13 10:02:18.804451000 [INFO ] [orion_error::core::context] suc! doing=build-sink-instance: 
call context:
	sink_name : gen_out
	sink_kind : file

2026-06-13 10:02:18.804491000 [INFO ] [ctrl   ] run_sample_direct: spawn pipeline 0 (shared_total=Some(3000))
2026-06-13 10:02:19.825491000 [INFO ] [mtrc   ] mem: rss=22.3 MiB
2026-06-13 10:02:20.826875000 [INFO ] [mtrc   ] mem: rss=22.3 MiB
2026-06-13 10:02:21.609651000 [INFO ] [ctrl   ] run_sample_direct: all pipelines finished
2026-06-13 10:02:21.609760000 [INFO ] [ctrl   ] run_sample_direct: summary generated=3000 lines, elapsed=2805 ms, parallel=1 
2026-06-13 10:02:21.826287000 [INFO ] [mtrc   ] mem: rss=22.5 MiB
2026-06-13 10:02:22.826876000 [INFO ] [mtrc   ] mem: rss=22.5 MiB
2026-06-13 10:02:23.611833000 [INFO ] [ctrl   ] wpgen.sample: completed
2026-06-13 10:22:36.626280000 [INFO ] [ctrl   ] wpgen out sink resolved: kind=file, params={"base": String("data/in_dat"), "file": String("gen.dat"), "fmt": String("json"), "sync": Bool(false)}
2026-06-13 10:22:36.628049000 [INFO ] [ctrl   ] wpgen.sample: rule_root='./models/wpl', find_name='sample.dat', parallel=1, total_line=Some(3000), gen_speed=1000, stat_sec=1, env: WF_GEN_BATCH=(unset), WF_GEN_UNIT_SIZE=(unset)
2026-06-13 10:22:36.628250000 [INFO ] [ctrl   ] run_sample_direct: rule_root='./models/wpl', find_name='sample.dat', parallel=1, total_line=Some(3000)
2026-06-13 10:22:36.628613000 [INFO ] [ctrl   ] find conf files in: ./models/wpl
2026-06-13 10:22:36.629797000 [INFO ] [ctrl   ] run_sample_direct: found 1 files
2026-06-13 10:22:36.631354000 [INFO ] [ctrl   ] run_sample_direct: loaded 1 sample lines
2026-06-13 10:22:36.631384000 [INFO ] [ctrl   ] run_sample_direct: speed_profile=Constant(1000), base_speed=1000
2026-06-13 10:22:36.633140000 [INFO ] [ctrl   ] monitor proc start: stat_sec=1, stat_print=false
2026-06-13 10:22:36.633391000 [INFO ] [ctrl   ] speed: unlimited (no wait)
2026-06-13 10:22:36.633413000 [INFO ] [ctrl   ] monitor loop started (stat_sec=1, stat_print=false)
2026-06-13 10:22:36.634032000 [INFO ] [orion_error::core::context] suc! doing=build-sink-instance: 
call context:
	sink_name : gen_out
	sink_kind : file

2026-06-13 10:22:36.634059000 [INFO ] [ctrl   ] run_sample_direct: spawn pipeline 0 (shared_total=Some(3000))
2026-06-13 10:22:37.651559000 [INFO ] [mtrc   ] mem: rss=22.3 MiB
2026-06-13 10:22:38.651485000 [INFO ] [mtrc   ] mem: rss=22.4 MiB
2026-06-13 10:22:39.439720000 [INFO ] [ctrl   ] run_sample_direct: all pipelines finished
2026-06-13 10:22:39.440086000 [INFO ] [ctrl   ] run_sample_direct: summary generated=3000 lines, elapsed=2807 ms, parallel=1 
2026-06-13 10:22:39.651182000 [INFO ] [mtrc   ] mem: rss=22.5 MiB
2026-06-13 10:22:40.653307000 [INFO ] [mtrc   ] mem: rss=22.5 MiB
2026-06-13 10:22:41.442702000 [INFO ] [ctrl   ] wpgen.sample: completed
2026-06-13 10:51:42.658942000 [INFO ] [ctrl   ] wpgen out sink resolved: kind=file, params={"base": String("data/in_dat"), "file": String("gen.dat"), "fmt": String("json"), "sync": Bool(false)}
2026-06-13 10:51:42.659089000 [INFO ] [ctrl   ] wpgen.sample: rule_root='./models/wpl', find_name='sample.dat', parallel=1, total_line=Some(3000), gen_speed=1000, stat_sec=1, env: WF_GEN_BATCH=(unset), WF_GEN_UNIT_SIZE=(unset)
2026-06-13 10:51:42.659114000 [INFO ] [ctrl   ] run_sample_direct: rule_root='./models/wpl', find_name='sample.dat', parallel=1, total_line=Some(3000)
2026-06-13 10:51:42.659128000 [INFO ] [ctrl   ] find conf files in: ./models/wpl
2026-06-13 10:51:42.659220000 [INFO ] [ctrl   ] run_sample_direct: found 1 files
2026-06-13 10:51:42.659509000 [INFO ] [ctrl   ] run_sample_direct: loaded 1 sample lines
2026-06-13 10:51:42.659520000 [INFO ] [ctrl   ] run_sample_direct: speed_profile=Constant(1000), base_speed=1000
2026-06-13 10:51:42.659609000 [INFO ] [ctrl   ] monitor proc start: stat_sec=1, stat_print=false
2026-06-13 10:51:42.659712000 [INFO ] [orion_error::core::context] suc! doing=build-sink-instance: 
call context:
	sink_name : gen_out
	sink_kind : file

2026-06-13 10:51:42.659728000 [INFO ] [ctrl   ] speed: unlimited (no wait)
2026-06-13 10:51:42.659744000 [INFO ] [ctrl   ] monitor loop started (stat_sec=1, stat_print=false)
2026-06-13 10:51:42.659756000 [INFO ] [ctrl   ] run_sample_direct: spawn pipeline 0 (shared_total=Some(3000))
2026-06-13 10:51:43.678110000 [INFO ] [mtrc   ] mem: rss=22.4 MiB
2026-06-13 10:51:44.678601000 [INFO ] [mtrc   ] mem: rss=22.4 MiB
2026-06-13 10:51:45.463242000 [INFO ] [ctrl   ] run_sample_direct: all pipelines finished
2026-06-13 10:51:45.463325000 [INFO ] [ctrl   ] run_sample_direct: summary generated=3000 lines, elapsed=2803 ms, parallel=1 
2026-06-13 10:51:45.676840000 [INFO ] [mtrc   ] mem: rss=22.6 MiB
2026-06-13 10:51:46.677959000 [INFO ] [mtrc   ] mem: rss=22.6 MiB
2026-06-13 10:51:47.465664000 [INFO ] [ctrl   ] wpgen.sample: completed
2026-06-13 11:29:10.925533000 [INFO ] [ctrl   ] wpgen out sink resolved: kind=file, params={"base": String("data/in_dat"), "file": String("gen.dat"), "fmt": String("json")}
2026-06-13 11:29:10.925684000 [INFO ] [ctrl   ] wpgen.sample: rule_root='./models/wpl', find_name='sample.dat', parallel=1, total_line=Some(3000), gen_speed=1000, stat_sec=1, env: WF_GEN_BATCH=(unset), WF_GEN_UNIT_SIZE=(unset)
2026-06-13 11:29:10.925713000 [INFO ] [ctrl   ] run_sample_direct: rule_root='./models/wpl', find_name='sample.dat', parallel=1, total_line=Some(3000)
2026-06-13 11:29:10.925730000 [INFO ] [ctrl   ] find conf files in: ./models/wpl
2026-06-13 11:29:10.925821000 [INFO ] [ctrl   ] run_sample_direct: found 1 files
2026-06-13 11:29:10.926647000 [INFO ] [ctrl   ] run_sample_direct: loaded 1 sample lines
2026-06-13 11:29:10.926670000 [INFO ] [ctrl   ] run_sample_direct: speed_profile=Constant(1000), base_speed=1000
2026-06-13 11:29:10.926753000 [INFO ] [ctrl   ] monitor proc start: stat_sec=1, stat_print=false
2026-06-13 11:29:10.926854000 [INFO ] [ctrl   ] speed: unlimited (no wait)
2026-06-13 11:29:10.926869000 [INFO ] [ctrl   ] monitor loop started (stat_sec=1, stat_print=false)
2026-06-13 11:29:10.926882000 [INFO ] [orion_error::core::context] suc! doing=build-sink-instance: 
call context:
	sink_name : gen_out
	sink_kind : file

2026-06-13 11:29:10.926898000 [INFO ] [ctrl   ] run_sample_direct: spawn pipeline 0 (shared_total=Some(3000))
2026-06-13 11:29:11.945601000 [INFO ] [mtrc   ] mem: rss=22.4 MiB
2026-06-13 11:29:12.945879000 [INFO ] [mtrc   ] mem: rss=22.5 MiB
2026-06-13 11:29:13.731859000 [INFO ] [ctrl   ] run_sample_direct: all pipelines finished
2026-06-13 11:29:13.731929000 [INFO ] [ctrl   ] run_sample_direct: summary generated=3000 lines, elapsed=2805 ms, parallel=1 
2026-06-13 11:29:13.944807000 [INFO ] [mtrc   ] mem: rss=22.6 MiB
2026-06-13 11:29:14.945115000 [INFO ] [mtrc   ] mem: rss=22.6 MiB
2026-06-13 11:29:15.733522000 [INFO ] [ctrl   ] wpgen.sample: completed
2026-06-13 11:34:39.659199000 [INFO ] [ctrl   ] wpgen out sink resolved: kind=file, params={"base": String("data/in_dat"), "file": String("gen.dat"), "fmt": String("json")}
2026-06-13 11:34:39.659371000 [INFO ] [ctrl   ] wpgen.sample: rule_root='./models/wpl', find_name='sample.dat', parallel=1, total_line=Some(3000), gen_speed=1000, stat_sec=1, env: WF_GEN_BATCH=(unset), WF_GEN_UNIT_SIZE=(unset)
2026-06-13 11:34:39.659397000 [INFO ] [ctrl   ] run_sample_direct: rule_root='./models/wpl', find_name='sample.dat', parallel=1, total_line=Some(3000)
2026-06-13 11:34:39.659413000 [INFO ] [ctrl   ] find conf files in: ./models/wpl
2026-06-13 11:34:39.659512000 [INFO ] [ctrl   ] run_sample_direct: found 1 files
2026-06-13 11:34:39.659822000 [INFO ] [ctrl   ] run_sample_direct: loaded 1 sample lines
2026-06-13 11:34:39.659886000 [INFO ] [ctrl   ] run_sample_direct: speed_profile=Constant(1000), base_speed=1000
2026-06-13 11:34:39.659999000 [INFO ] [ctrl   ] monitor proc start: stat_sec=1, stat_print=false
2026-06-13 11:34:39.660146000 [INFO ] [ctrl   ] speed: unlimited (no wait)
2026-06-13 11:34:39.660160000 [INFO ] [ctrl   ] monitor loop started (stat_sec=1, stat_print=false)
2026-06-13 11:34:39.660207000 [INFO ] [orion_error::core::context] suc! doing=build-sink-instance: 
call context:
	sink_name : gen_out
	sink_kind : file

2026-06-13 11:34:39.660241000 [INFO ] [ctrl   ] run_sample_direct: spawn pipeline 0 (shared_total=Some(3000))
2026-06-13 11:34:40.678950000 [INFO ] [mtrc   ] mem: rss=22.3 MiB
2026-06-13 11:34:41.679515000 [INFO ] [mtrc   ] mem: rss=22.4 MiB
2026-06-13 11:34:42.465338000 [INFO ] [ctrl   ] run_sample_direct: all pipelines finished
2026-06-13 11:34:42.465412000 [INFO ] [ctrl   ] run_sample_direct: summary generated=3000 lines, elapsed=2805 ms, parallel=1 
2026-06-13 11:34:42.678103000 [INFO ] [mtrc   ] mem: rss=22.6 MiB
2026-06-13 11:34:43.679112000 [INFO ] [mtrc   ] mem: rss=22.6 MiB
2026-06-13 11:34:44.466929000 [INFO ] [ctrl   ] wpgen.sample: completed
2026-06-13 11:42:21.414128000 [INFO ] [ctrl   ] wpgen out sink resolved: kind=file, params={"base": String("data/in_dat"), "file": String("gen.dat"), "fmt": String("json")}
2026-06-13 11:42:21.414462000 [INFO ] [ctrl   ] wpgen.sample: rule_root='./models/wpl', find_name='sample.dat', parallel=1, total_line=Some(3000), gen_speed=1000, stat_sec=1, env: WF_GEN_BATCH=(unset), WF_GEN_UNIT_SIZE=(unset)
2026-06-13 11:42:21.414501000 [INFO ] [ctrl   ] run_sample_direct: rule_root='./models/wpl', find_name='sample.dat', parallel=1, total_line=Some(3000)
2026-06-13 11:42:21.414521000 [INFO ] [ctrl   ] find conf files in: ./models/wpl
2026-06-13 11:42:21.414751000 [INFO ] [ctrl   ] run_sample_direct: found 1 files
2026-06-13 11:42:21.415124000 [INFO ] [ctrl   ] run_sample_direct: loaded 1 sample lines
2026-06-13 11:42:21.415222000 [INFO ] [ctrl   ] run_sample_direct: speed_profile=Constant(1000), base_speed=1000
2026-06-13 11:42:21.415356000 [INFO ] [ctrl   ] monitor proc start: stat_sec=1, stat_print=false
2026-06-13 11:42:21.415486000 [INFO ] [ctrl   ] speed: unlimited (no wait)
2026-06-13 11:42:21.415504000 [INFO ] [ctrl   ] monitor loop started (stat_sec=1, stat_print=false)
2026-06-13 11:42:21.415590000 [INFO ] [orion_error::core::context] suc! doing=build-sink-instance: 
call context:
	sink_name : gen_out
	sink_kind : file

2026-06-13 11:42:21.415625000 [INFO ] [ctrl   ] run_sample_direct: spawn pipeline 0 (shared_total=Some(3000))
2026-06-13 11:42:22.437611000 [INFO ] [mtrc   ] mem: rss=22.4 MiB
2026-06-13 11:42:23.436650000 [INFO ] [mtrc   ] mem: rss=22.4 MiB
2026-06-13 11:42:24.219962000 [INFO ] [ctrl   ] run_sample_direct: all pipelines finished
2026-06-13 11:42:24.220089000 [INFO ] [ctrl   ] run_sample_direct: summary generated=3000 lines, elapsed=2804 ms, parallel=1 
2026-06-13 11:42:24.436127000 [INFO ] [mtrc   ] mem: rss=22.6 MiB
2026-06-13 11:42:25.436711000 [INFO ] [mtrc   ] mem: rss=22.6 MiB
2026-06-13 11:42:26.221730000 [INFO ] [ctrl   ] wpgen.sample: completed
2026-06-13 11:47:33.171552000 [INFO ] [ctrl   ] wpgen out sink resolved: kind=file, params={"base": String("data/in_dat"), "file": String("gen.dat"), "fmt": String("json")}
2026-06-13 11:47:33.171726000 [INFO ] [ctrl   ] wpgen.sample: rule_root='./models/wpl', find_name='sample.dat', parallel=1, total_line=Some(3000), gen_speed=1000, stat_sec=1, env: WF_GEN_BATCH=(unset), WF_GEN_UNIT_SIZE=(unset)
2026-06-13 11:47:33.171750000 [INFO ] [ctrl   ] run_sample_direct: rule_root='./models/wpl', find_name='sample.dat', parallel=1, total_line=Some(3000)
2026-06-13 11:47:33.171763000 [INFO ] [ctrl   ] find conf files in: ./models/wpl
2026-06-13 11:47:33.171840000 [INFO ] [ctrl   ] run_sample_direct: found 1 files
2026-06-13 11:47:33.171891000 [INFO ] [ctrl   ] run_sample_direct: loaded 1 sample lines
2026-06-13 11:47:33.171904000 [INFO ] [ctrl   ] run_sample_direct: speed_profile=Constant(1000), base_speed=1000
2026-06-13 11:47:33.171983000 [INFO ] [ctrl   ] monitor proc start: stat_sec=1, stat_print=false
2026-06-13 11:47:33.172089000 [INFO ] [ctrl   ] speed: unlimited (no wait)
2026-06-13 11:47:33.172106000 [INFO ] [orion_error::core::context] suc! doing=build-sink-instance: 
call context:
	sink_name : gen_out
	sink_kind : file

2026-06-13 11:47:33.172133000 [INFO ] [ctrl   ] run_sample_direct: spawn pipeline 0 (shared_total=Some(3000))
2026-06-13 11:47:33.172156000 [INFO ] [ctrl   ] monitor loop started (stat_sec=1, stat_print=false)
2026-06-13 11:47:34.191103000 [INFO ] [mtrc   ] mem: rss=22.4 MiB
2026-06-13 11:47:35.191612000 [INFO ] [mtrc   ] mem: rss=22.4 MiB
2026-06-13 11:47:35.976747000 [INFO ] [ctrl   ] run_sample_direct: all pipelines finished
2026-06-13 11:47:35.976879000 [INFO ] [ctrl   ] run_sample_direct: summary generated=3000 lines, elapsed=2804 ms, parallel=1 
2026-06-13 11:47:36.191988000 [INFO ] [mtrc   ] mem: rss=22.6 MiB
2026-06-13 11:47:37.192140000 [INFO ] [mtrc   ] mem: rss=22.6 MiB
2026-06-13 11:47:37.977762000 [INFO ] [ctrl   ] wpgen.sample: completed
2026-06-13 11:48:03.097674000 [INFO ] [ctrl   ] wpgen out sink resolved: kind=file, params={"base": String("data/in_dat"), "file": String("gen.dat"), "fmt": String("json")}
2026-06-13 11:48:03.097815000 [INFO ] [ctrl   ] wpgen.sample: rule_root='./models/wpl', find_name='sample.dat', parallel=1, total_line=Some(3000), gen_speed=1000, stat_sec=1, env: WF_GEN_BATCH=(unset), WF_GEN_UNIT_SIZE=(unset)
2026-06-13 11:48:03.097839000 [INFO ] [ctrl   ] run_sample_direct: rule_root='./models/wpl', find_name='sample.dat', parallel=1, total_line=Some(3000)
2026-06-13 11:48:03.097854000 [INFO ] [ctrl   ] find conf files in: ./models/wpl
2026-06-13 11:48:03.097940000 [INFO ] [ctrl   ] run_sample_direct: found 1 files
2026-06-13 11:48:03.097994000 [INFO ] [ctrl   ] run_sample_direct: loaded 1 sample lines
2026-06-13 11:48:03.098005000 [INFO ] [ctrl   ] run_sample_direct: speed_profile=Constant(1000), base_speed=1000
2026-06-13 11:48:03.098094000 [INFO ] [ctrl   ] monitor proc start: stat_sec=1, stat_print=false
2026-06-13 11:48:03.098197000 [INFO ] [ctrl   ] speed: unlimited (no wait)
2026-06-13 11:48:03.098225000 [INFO ] [orion_error::core::context] suc! doing=build-sink-instance: 
call context:
	sink_name : gen_out
	sink_kind : file

2026-06-13 11:48:03.098243000 [INFO ] [ctrl   ] run_sample_direct: spawn pipeline 0 (shared_total=Some(3000))
2026-06-13 11:48:03.098259000 [INFO ] [ctrl   ] monitor loop started (stat_sec=1, stat_print=false)
2026-06-13 11:48:04.116254000 [INFO ] [mtrc   ] mem: rss=22.3 MiB
2026-06-13 11:48:05.116506000 [INFO ] [mtrc   ] mem: rss=22.3 MiB
2026-06-13 11:48:05.904146000 [INFO ] [ctrl   ] run_sample_direct: all pipelines finished
2026-06-13 11:48:05.904283000 [INFO ] [ctrl   ] run_sample_direct: summary generated=3000 lines, elapsed=2806 ms, parallel=1 
2026-06-13 11:48:06.116415000 [INFO ] [mtrc   ] mem: rss=22.5 MiB
2026-06-13 11:48:07.117077000 [INFO ] [mtrc   ] mem: rss=22.5 MiB
2026-06-13 11:48:07.906630000 [INFO ] [ctrl   ] wpgen.sample: completed
2026-06-13 12:15:56.476372000 [INFO ] [ctrl   ] wpgen out sink resolved: kind=file, params={"base": String("data/in_dat"), "file": String("gen.dat"), "fmt": String("json")}
2026-06-13 12:15:56.478274000 [INFO ] [ctrl   ] wpgen.sample: rule_root='./models/wpl', find_name='sample.dat', parallel=1, total_line=Some(3000), gen_speed=1000, stat_sec=1, env: WF_GEN_BATCH=(unset), WF_GEN_UNIT_SIZE=(unset)
2026-06-13 12:15:56.478457000 [INFO ] [ctrl   ] run_sample_direct: rule_root='./models/wpl', find_name='sample.dat', parallel=1, total_line=Some(3000)
2026-06-13 12:15:56.478819000 [INFO ] [ctrl   ] find conf files in: ./models/wpl
2026-06-13 12:15:56.479900000 [INFO ] [ctrl   ] run_sample_direct: found 1 files
2026-06-13 12:15:56.481506000 [INFO ] [ctrl   ] run_sample_direct: loaded 1 sample lines
2026-06-13 12:15:56.481545000 [INFO ] [ctrl   ] run_sample_direct: speed_profile=Constant(1000), base_speed=1000
2026-06-13 12:15:56.483374000 [INFO ] [ctrl   ] monitor proc start: stat_sec=1, stat_print=false
2026-06-13 12:15:56.483568000 [INFO ] [ctrl   ] speed: unlimited (no wait)
2026-06-13 12:15:56.483582000 [INFO ] [ctrl   ] monitor loop started (stat_sec=1, stat_print=false)
2026-06-13 12:15:56.484220000 [INFO ] [orion_error::core::context] suc! doing=build-sink-instance: 
call context:
	sink_name : gen_out
	sink_kind : file

2026-06-13 12:15:56.484245000 [INFO ] [ctrl   ] run_sample_direct: spawn pipeline 0 (shared_total=Some(3000))
2026-06-13 12:15:57.501781000 [INFO ] [mtrc   ] mem: rss=22.4 MiB
2026-06-13 12:15:58.501534000 [INFO ] [mtrc   ] mem: rss=22.5 MiB
2026-06-13 12:15:59.288992000 [INFO ] [ctrl   ] run_sample_direct: all pipelines finished
2026-06-13 12:15:59.289366000 [INFO ] [ctrl   ] run_sample_direct: summary generated=3000 lines, elapsed=2806 ms, parallel=1 
2026-06-13 12:15:59.502036000 [INFO ] [mtrc   ] mem: rss=22.6 MiB
2026-06-13 12:16:00.502680000 [INFO ] [mtrc   ] mem: rss=22.7 MiB
2026-06-13 12:16:01.292587000 [INFO ] [ctrl   ] wpgen.sample: completed
2026-06-13 14:24:45.685700000 [INFO ] [ctrl   ] wpgen out sink resolved: kind=file, params={"base": String("data/in_dat"), "file": String("gen.dat"), "fmt": String("json")}
2026-06-13 14:24:45.687769000 [INFO ] [ctrl   ] wpgen.sample: rule_root='./models/wpl', find_name='sample.dat', parallel=1, total_line=Some(3000), gen_speed=1000, stat_sec=1, env: WF_GEN_BATCH=(unset), WF_GEN_UNIT_SIZE=(unset)
2026-06-13 14:24:45.687902000 [INFO ] [ctrl   ] run_sample_direct: rule_root='./models/wpl', find_name='sample.dat', parallel=1, total_line=Some(3000)
2026-06-13 14:24:45.688141000 [INFO ] [ctrl   ] find conf files in: ./models/wpl
2026-06-13 14:24:45.688798000 [INFO ] [ctrl   ] run_sample_direct: found 1 files
2026-06-13 14:24:45.690591000 [INFO ] [ctrl   ] run_sample_direct: loaded 1 sample lines
2026-06-13 14:24:45.690614000 [INFO ] [ctrl   ] run_sample_direct: speed_profile=Constant(1000), base_speed=1000
2026-06-13 14:24:45.692290000 [INFO ] [ctrl   ] monitor proc start: stat_sec=1, stat_print=false
2026-06-13 14:24:45.693181000 [INFO ] [ctrl   ] speed: unlimited (no wait)
2026-06-13 14:24:45.693206000 [INFO ] [ctrl   ] monitor loop started (stat_sec=1, stat_print=false)
2026-06-13 14:24:45.693259000 [INFO ] [orion_error::core::context] suc! doing=build-sink-instance: 
call context:
	sink_name : gen_out
	sink_kind : file

2026-06-13 14:24:45.693279000 [INFO ] [ctrl   ] run_sample_direct: spawn pipeline 0 (shared_total=Some(3000))
2026-06-13 14:24:46.711132000 [INFO ] [mtrc   ] mem: rss=22.0 MiB
2026-06-13 14:24:47.710954000 [INFO ] [mtrc   ] mem: rss=22.1 MiB
2026-06-13 14:24:48.499895000 [INFO ] [ctrl   ] run_sample_direct: all pipelines finished
2026-06-13 14:24:48.499999000 [INFO ] [ctrl   ] run_sample_direct: summary generated=3000 lines, elapsed=2807 ms, parallel=1 
2026-06-13 14:24:48.710767000 [INFO ] [mtrc   ] mem: rss=22.2 MiB
2026-06-13 14:24:49.711966000 [INFO ] [mtrc   ] mem: rss=22.2 MiB
2026-06-13 14:24:50.502582000 [INFO ] [ctrl   ] wpgen.sample: completed
2026-06-13 16:30:15.043002000 [INFO ] [ctrl   ] wpgen out sink resolved: kind=file, params={"base": String("data/in_dat"), "file": String("gen.dat"), "fmt": String("json")}
2026-06-13 16:30:15.044664000 [INFO ] [ctrl   ] wpgen.sample: rule_root='./models/wpl', find_name='sample.dat', parallel=1, total_line=Some(5000), gen_speed=1000, stat_sec=1, env: WF_GEN_BATCH=(unset), WF_GEN_UNIT_SIZE=(unset)
2026-06-13 16:30:15.044879000 [INFO ] [ctrl   ] run_sample_direct: rule_root='./models/wpl', find_name='sample.dat', parallel=1, total_line=Some(5000)
2026-06-13 16:30:15.045175000 [INFO ] [ctrl   ] find conf files in: ./models/wpl
2026-06-13 16:30:15.045919000 [INFO ] [ctrl   ] run_sample_direct: found 1 files
2026-06-13 16:30:15.047357000 [INFO ] [ctrl   ] run_sample_direct: loaded 1 sample lines
2026-06-13 16:30:15.047723000 [INFO ] [ctrl   ] run_sample_direct: speed_profile=Constant(1000), base_speed=1000
2026-06-13 16:30:15.049024000 [INFO ] [ctrl   ] monitor proc start: stat_sec=1, stat_print=false
2026-06-13 16:30:15.049311000 [INFO ] [ctrl   ] speed: unlimited (no wait)
2026-06-13 16:30:15.049325000 [INFO ] [ctrl   ] monitor loop started (stat_sec=1, stat_print=false)
2026-06-13 16:30:15.049550000 [INFO ] [orion_error::core::context] suc! doing=build-sink-instance: 
call context:
	sink_name : gen_out
	sink_kind : file

2026-06-13 16:30:15.049573000 [INFO ] [ctrl   ] run_sample_direct: spawn pipeline 0 (shared_total=Some(5000))
2026-06-13 16:30:16.065180000 [INFO ] [mtrc   ] mem: rss=22.0 MiB
2026-06-13 16:30:17.065291000 [INFO ] [mtrc   ] mem: rss=22.1 MiB
2026-06-13 16:30:18.065111000 [INFO ] [mtrc   ] mem: rss=22.1 MiB
2026-06-13 16:30:19.065495000 [INFO ] [mtrc   ] mem: rss=22.1 MiB
2026-06-13 16:30:19.854743000 [INFO ] [ctrl   ] run_sample_direct: all pipelines finished
2026-06-13 16:30:19.854800000 [INFO ] [ctrl   ] run_sample_direct: summary generated=5000 lines, elapsed=4806 ms, parallel=1 
2026-06-13 16:30:20.065098000 [INFO ] [mtrc   ] mem: rss=22.2 MiB
2026-06-13 16:30:21.065120000 [INFO ] [mtrc   ] mem: rss=22.2 MiB
2026-06-13 16:30:21.857375000 [INFO ] [ctrl   ] wpgen.sample: completed
2026-06-13 16:36:28.713983000 [INFO ] [ctrl   ] wpgen out sink resolved: kind=file, params={"base": String("data/in_dat"), "file": String("gen.dat"), "fmt": String("json")}
2026-06-13 16:36:28.714144000 [INFO ] [ctrl   ] wpgen.sample: rule_root='./models/wpl', find_name='sample.dat', parallel=1, total_line=Some(5000), gen_speed=1000, stat_sec=1, env: WF_GEN_BATCH=(unset), WF_GEN_UNIT_SIZE=(unset)
2026-06-13 16:36:28.714178000 [INFO ] [ctrl   ] run_sample_direct: rule_root='./models/wpl', find_name='sample.dat', parallel=1, total_line=Some(5000)
2026-06-13 16:36:28.714198000 [INFO ] [ctrl   ] find conf files in: ./models/wpl
2026-06-13 16:36:28.714302000 [INFO ] [ctrl   ] run_sample_direct: found 1 files
2026-06-13 16:36:28.714381000 [INFO ] [ctrl   ] run_sample_direct: loaded 1 sample lines
2026-06-13 16:36:28.714400000 [INFO ] [ctrl   ] run_sample_direct: speed_profile=Constant(1000), base_speed=1000
2026-06-13 16:36:28.714517000 [INFO ] [ctrl   ] monitor proc start: stat_sec=1, stat_print=false
2026-06-13 16:36:28.714632000 [INFO ] [ctrl   ] speed: unlimited (no wait)
2026-06-13 16:36:28.714651000 [INFO ] [orion_error::core::context] suc! doing=build-sink-instance: 
call context:
	sink_name : gen_out
	sink_kind : file

2026-06-13 16:36:28.714674000 [INFO ] [ctrl   ] run_sample_direct: spawn pipeline 0 (shared_total=Some(5000))
2026-06-13 16:36:28.714721000 [INFO ] [ctrl   ] monitor loop started (stat_sec=1, stat_print=false)
2026-06-13 16:36:29.737362000 [INFO ] [mtrc   ] mem: rss=21.9 MiB
2026-06-13 16:36:30.739345000 [INFO ] [mtrc   ] mem: rss=22.0 MiB
2026-06-13 16:36:31.738949000 [INFO ] [mtrc   ] mem: rss=22.0 MiB
2026-06-13 16:36:32.738905000 [INFO ] [mtrc   ] mem: rss=22.0 MiB
2026-06-13 16:36:33.521905000 [INFO ] [ctrl   ] run_sample_direct: all pipelines finished
2026-06-13 16:36:33.522034000 [INFO ] [ctrl   ] run_sample_direct: summary generated=5000 lines, elapsed=4807 ms, parallel=1 
2026-06-13 16:36:33.738031000 [INFO ] [mtrc   ] mem: rss=22.1 MiB
2026-06-13 16:36:34.738401000 [INFO ] [mtrc   ] mem: rss=22.1 MiB
2026-06-13 16:36:35.523712000 [INFO ] [ctrl   ] wpgen.sample: completed
2026-06-13 16:38:19.953642000 [INFO ] [ctrl   ] wpgen out sink resolved: kind=file, params={"base": String("data/in_dat"), "file": String("gen.dat"), "fmt": String("json")}
2026-06-13 16:38:19.953900000 [INFO ] [ctrl   ] wpgen.sample: rule_root='./models/wpl', find_name='sample.dat', parallel=1, total_line=Some(5000), gen_speed=1000, stat_sec=1, env: WF_GEN_BATCH=(unset), WF_GEN_UNIT_SIZE=(unset)
2026-06-13 16:38:19.953959000 [INFO ] [ctrl   ] run_sample_direct: rule_root='./models/wpl', find_name='sample.dat', parallel=1, total_line=Some(5000)
2026-06-13 16:38:19.953978000 [INFO ] [ctrl   ] find conf files in: ./models/wpl
2026-06-13 16:38:19.954164000 [INFO ] [ctrl   ] run_sample_direct: found 1 files
2026-06-13 16:38:19.954282000 [INFO ] [ctrl   ] run_sample_direct: loaded 1 sample lines
2026-06-13 16:38:19.954303000 [INFO ] [ctrl   ] run_sample_direct: speed_profile=Constant(1000), base_speed=1000
2026-06-13 16:38:19.954513000 [INFO ] [ctrl   ] monitor proc start: stat_sec=1, stat_print=false
2026-06-13 16:38:19.954707000 [INFO ] [orion_error::core::context] suc! doing=build-sink-instance: 
call context:
	sink_name : gen_out
	sink_kind : file

2026-06-13 16:38:19.954742000 [INFO ] [ctrl   ] run_sample_direct: spawn pipeline 0 (shared_total=Some(5000))
2026-06-13 16:38:19.954774000 [INFO ] [ctrl   ] speed: unlimited (no wait)
2026-06-13 16:38:19.954794000 [INFO ] [ctrl   ] monitor loop started (stat_sec=1, stat_print=false)
2026-06-13 16:38:20.975989000 [INFO ] [mtrc   ] mem: rss=22.0 MiB
2026-06-13 16:38:21.976090000 [INFO ] [mtrc   ] mem: rss=22.1 MiB
2026-06-13 16:38:22.975277000 [INFO ] [mtrc   ] mem: rss=22.1 MiB
2026-06-13 16:38:23.975385000 [INFO ] [mtrc   ] mem: rss=22.2 MiB
2026-06-13 16:38:24.759140000 [INFO ] [ctrl   ] run_sample_direct: all pipelines finished
2026-06-13 16:38:24.759203000 [INFO ] [ctrl   ] run_sample_direct: summary generated=5000 lines, elapsed=4804 ms, parallel=1 
2026-06-13 16:38:24.974541000 [INFO ] [mtrc   ] mem: rss=22.2 MiB
2026-06-13 16:38:25.975508000 [INFO ] [mtrc   ] mem: rss=22.2 MiB
2026-06-13 16:38:26.761215000 [INFO ] [ctrl   ] wpgen.sample: completed
2026-06-13 16:53:34.927871000 [INFO ] [ctrl   ] wpgen out sink resolved: kind=file, params={"base": String("data/in_dat"), "file": String("gen.dat"), "fmt": String("json")}
2026-06-13 16:53:34.928236000 [INFO ] [ctrl   ] wpgen.sample: rule_root='./models/wpl', find_name='sample.dat', parallel=1, total_line=Some(5000), gen_speed=1000, stat_sec=1, env: WF_GEN_BATCH=(unset), WF_GEN_UNIT_SIZE=(unset)
2026-06-13 16:53:34.928265000 [INFO ] [ctrl   ] run_sample_direct: rule_root='./models/wpl', find_name='sample.dat', parallel=1, total_line=Some(5000)
2026-06-13 16:53:34.928281000 [INFO ] [ctrl   ] find conf files in: ./models/wpl
2026-06-13 16:53:34.928383000 [INFO ] [ctrl   ] run_sample_direct: found 1 files
2026-06-13 16:53:34.928580000 [INFO ] [ctrl   ] run_sample_direct: loaded 1 sample lines
2026-06-13 16:53:34.928595000 [INFO ] [ctrl   ] run_sample_direct: speed_profile=Constant(1000), base_speed=1000
2026-06-13 16:53:34.928687000 [INFO ] [ctrl   ] monitor proc start: stat_sec=1, stat_print=false
2026-06-13 16:53:34.928800000 [INFO ] [ctrl   ] speed: unlimited (no wait)
2026-06-13 16:53:34.928822000 [INFO ] [orion_error::core::context] suc! doing=build-sink-instance: 
call context:
	sink_name : gen_out
	sink_kind : file

2026-06-13 16:53:34.928841000 [INFO ] [ctrl   ] run_sample_direct: spawn pipeline 0 (shared_total=Some(5000))
2026-06-13 16:53:34.928859000 [INFO ] [ctrl   ] monitor loop started (stat_sec=1, stat_print=false)
2026-06-13 16:53:35.947631000 [INFO ] [mtrc   ] mem: rss=22.1 MiB
2026-06-13 16:53:36.947457000 [INFO ] [mtrc   ] mem: rss=22.1 MiB
2026-06-13 16:53:37.948276000 [INFO ] [mtrc   ] mem: rss=22.2 MiB
2026-06-13 16:53:38.947885000 [INFO ] [mtrc   ] mem: rss=22.2 MiB
2026-06-13 16:53:39.732895000 [INFO ] [ctrl   ] run_sample_direct: all pipelines finished
2026-06-13 16:53:39.733013000 [INFO ] [ctrl   ] run_sample_direct: summary generated=5000 lines, elapsed=4804 ms, parallel=1 
2026-06-13 16:53:39.948004000 [INFO ] [mtrc   ] mem: rss=22.3 MiB
2026-06-13 16:53:40.947838000 [INFO ] [mtrc   ] mem: rss=22.3 MiB
2026-06-13 16:53:41.734355000 [INFO ] [ctrl   ] wpgen.sample: completed
2026-06-13 16:56:29.374002000 [INFO ] [ctrl   ] wpgen out sink resolved: kind=file, params={"base": String("data/in_dat"), "file": String("gen.dat"), "fmt": String("json")}
2026-06-13 16:56:29.374158000 [INFO ] [ctrl   ] wpgen.sample: rule_root='./models/wpl', find_name='sample.dat', parallel=1, total_line=Some(5000), gen_speed=1000, stat_sec=1, env: WF_GEN_BATCH=(unset), WF_GEN_UNIT_SIZE=(unset)
2026-06-13 16:56:29.374186000 [INFO ] [ctrl   ] run_sample_direct: rule_root='./models/wpl', find_name='sample.dat', parallel=1, total_line=Some(5000)
2026-06-13 16:56:29.374200000 [INFO ] [ctrl   ] find conf files in: ./models/wpl
2026-06-13 16:56:29.374285000 [INFO ] [ctrl   ] run_sample_direct: found 1 files
2026-06-13 16:56:29.374343000 [INFO ] [ctrl   ] run_sample_direct: loaded 1 sample lines
2026-06-13 16:56:29.374356000 [INFO ] [ctrl   ] run_sample_direct: speed_profile=Constant(1000), base_speed=1000
2026-06-13 16:56:29.374453000 [INFO ] [ctrl   ] monitor proc start: stat_sec=1, stat_print=false
2026-06-13 16:56:29.374565000 [INFO ] [ctrl   ] speed: unlimited (no wait)
2026-06-13 16:56:29.374578000 [INFO ] [orion_error::core::context] suc! doing=build-sink-instance: 
call context:
	sink_name : gen_out
	sink_kind : file

2026-06-13 16:56:29.374610000 [INFO ] [ctrl   ] monitor loop started (stat_sec=1, stat_print=false)
2026-06-13 16:56:29.374629000 [INFO ] [ctrl   ] run_sample_direct: spawn pipeline 0 (shared_total=Some(5000))
2026-06-13 16:56:30.394623000 [INFO ] [mtrc   ] mem: rss=22.1 MiB
2026-06-13 16:56:31.395616000 [INFO ] [mtrc   ] mem: rss=22.2 MiB
2026-06-13 16:56:32.394814000 [INFO ] [mtrc   ] mem: rss=22.2 MiB
2026-06-13 16:56:33.395159000 [INFO ] [mtrc   ] mem: rss=22.2 MiB
2026-06-13 16:56:34.179253000 [INFO ] [ctrl   ] run_sample_direct: all pipelines finished
2026-06-13 16:56:34.179380000 [INFO ] [ctrl   ] run_sample_direct: summary generated=5000 lines, elapsed=4804 ms, parallel=1 
2026-06-13 16:56:34.394933000 [INFO ] [mtrc   ] mem: rss=22.3 MiB
2026-06-13 16:56:35.395078000 [INFO ] [mtrc   ] mem: rss=22.3 MiB
2026-06-13 16:56:36.180777000 [INFO ] [ctrl   ] wpgen.sample: completed
2026-06-13 16:59:08.998419000 [INFO ] [ctrl   ] wpgen out sink resolved: kind=file, params={"base": String("data/in_dat"), "file": String("gen.dat"), "fmt": String("json")}
2026-06-13 16:59:08.998595000 [INFO ] [ctrl   ] wpgen.sample: rule_root='./models/wpl', find_name='sample.dat', parallel=1, total_line=Some(5000), gen_speed=1000, stat_sec=1, env: WF_GEN_BATCH=(unset), WF_GEN_UNIT_SIZE=(unset)
2026-06-13 16:59:08.998632000 [INFO ] [ctrl   ] run_sample_direct: rule_root='./models/wpl', find_name='sample.dat', parallel=1, total_line=Some(5000)
2026-06-13 16:59:08.998653000 [INFO ] [ctrl   ] find conf files in: ./models/wpl
2026-06-13 16:59:08.998760000 [INFO ] [ctrl   ] run_sample_direct: found 1 files
2026-06-13 16:59:08.998835000 [INFO ] [ctrl   ] run_sample_direct: loaded 1 sample lines
2026-06-13 16:59:08.998851000 [INFO ] [ctrl   ] run_sample_direct: speed_profile=Constant(1000), base_speed=1000
2026-06-13 16:59:08.998968000 [INFO ] [ctrl   ] monitor proc start: stat_sec=1, stat_print=false
2026-06-13 16:59:08.999094000 [INFO ] [ctrl   ] speed: unlimited (no wait)
2026-06-13 16:59:08.999113000 [INFO ] [orion_error::core::context] suc! doing=build-sink-instance: 
call context:
	sink_name : gen_out
	sink_kind : file

2026-06-13 16:59:08.999155000 [INFO ] [ctrl   ] monitor loop started (stat_sec=1, stat_print=false)
2026-06-13 16:59:08.999193000 [INFO ] [ctrl   ] run_sample_direct: spawn pipeline 0 (shared_total=Some(5000))
2026-06-13 16:59:10.021087000 [INFO ] [mtrc   ] mem: rss=22.0 MiB
2026-06-13 16:59:11.021533000 [INFO ] [mtrc   ] mem: rss=22.1 MiB
2026-06-13 16:59:12.021644000 [INFO ] [mtrc   ] mem: rss=22.2 MiB
2026-06-13 16:59:13.021920000 [INFO ] [mtrc   ] mem: rss=22.2 MiB
2026-06-13 16:59:13.803851000 [INFO ] [ctrl   ] run_sample_direct: all pipelines finished
2026-06-13 16:59:13.803920000 [INFO ] [ctrl   ] run_sample_direct: summary generated=5000 lines, elapsed=4804 ms, parallel=1 
2026-06-13 16:59:14.021793000 [INFO ] [mtrc   ] mem: rss=22.2 MiB
2026-06-13 16:59:15.021766000 [INFO ] [mtrc   ] mem: rss=22.2 MiB
2026-06-13 16:59:15.806140000 [INFO ] [ctrl   ] wpgen.sample: completed
2026-06-13 17:00:35.669053000 [INFO ] [ctrl   ] wpgen out sink resolved: kind=file, params={"base": String("data/in_dat"), "file": String("gen.dat"), "fmt": String("json")}
2026-06-13 17:00:35.669194000 [INFO ] [ctrl   ] wpgen.sample: rule_root='./models/wpl', find_name='sample.dat', parallel=1, total_line=Some(3000), gen_speed=1000, stat_sec=1, env: WF_GEN_BATCH=(unset), WF_GEN_UNIT_SIZE=(unset)
2026-06-13 17:00:35.669223000 [INFO ] [ctrl   ] run_sample_direct: rule_root='./models/wpl', find_name='sample.dat', parallel=1, total_line=Some(3000)
2026-06-13 17:00:35.669240000 [INFO ] [ctrl   ] find conf files in: ./models/wpl
2026-06-13 17:00:35.669330000 [INFO ] [ctrl   ] run_sample_direct: found 1 files
2026-06-13 17:00:35.669397000 [INFO ] [ctrl   ] run_sample_direct: loaded 1 sample lines
2026-06-13 17:00:35.669414000 [INFO ] [ctrl   ] run_sample_direct: speed_profile=Constant(1000), base_speed=1000
2026-06-13 17:00:35.669589000 [INFO ] [ctrl   ] monitor proc start: stat_sec=1, stat_print=false
2026-06-13 17:00:35.669793000 [INFO ] [orion_error::core::context] suc! doing=build-sink-instance: 
call context:
	sink_name : gen_out
	sink_kind : file

2026-06-13 17:00:35.669824000 [INFO ] [ctrl   ] run_sample_direct: spawn pipeline 0 (shared_total=Some(3000))
2026-06-13 17:00:35.669845000 [INFO ] [ctrl   ] speed: unlimited (no wait)
2026-06-13 17:00:35.669875000 [INFO ] [ctrl   ] monitor loop started (stat_sec=1, stat_print=false)
2026-06-13 17:00:36.692309000 [INFO ] [mtrc   ] mem: rss=22.1 MiB
2026-06-13 17:00:37.692688000 [INFO ] [mtrc   ] mem: rss=22.2 MiB
2026-06-13 17:00:38.475015000 [INFO ] [ctrl   ] run_sample_direct: all pipelines finished
2026-06-13 17:00:38.475099000 [INFO ] [ctrl   ] run_sample_direct: summary generated=3000 lines, elapsed=2805 ms, parallel=1 
2026-06-13 17:00:38.692233000 [INFO ] [mtrc   ] mem: rss=22.3 MiB
2026-06-13 17:00:39.692960000 [INFO ] [mtrc   ] mem: rss=22.3 MiB
2026-06-13 17:00:40.477825000 [INFO ] [ctrl   ] wpgen.sample: completed
